Copyright 1986-2017 Xilinx, Inc. All Rights Reserved.
--------------------------------------------------------------------------------------------------------------------------------------------------------------------------------
| Tool Version : Vivado v.2017.4 (win64) Build 2086221 Fri Dec 15 20:55:39 MST 2017
| Date         : Thu May 21 19:44:57 2026
| Host         : LXZ running 64-bit major release  (build 9200)
| Command      : report_methodology -file RVSCCPUSOC_Top_methodology_drc_routed.rpt -pb RVSCCPUSOC_Top_methodology_drc_routed.pb -rpx RVSCCPUSOC_Top_methodology_drc_routed.rpx
| Design       : RVSCCPUSOC_Top
| Device       : xc7a100tcsg324-1
| Speed File   : -1
| Design State : Routed
--------------------------------------------------------------------------------------------------------------------------------------------------------------------------------

Report Methodology

Table of Contents
-----------------
1. REPORT SUMMARY
2. REPORT DETAILS

1. REPORT SUMMARY
-----------------
            Netlist: netlist
          Floorplan: design_1
      Design limits: <entire design considered>
             Max violations: <unlimited>
             Violations found: 604
+-----------+----------+-------------------------------+------------+
| Rule      | Severity | Description                   | Violations |
+-----------+----------+-------------------------------+------------+
| TIMING-17 | Warning  | Non-clocked sequential cell   | 579        |
| TIMING-18 | Warning  | Missing input or output delay | 25         |
+-----------+----------+-------------------------------+------------+

2. REPORT DETAILS
-----------------
TIMING-17#1 Warning
Non-clocked sequential cell  
The clock pin U_7SEG/seg7_addr_reg[0]/C is not reached by a timing clock
Related violations: <none>

TIMING-17#2 Warning
Non-clocked sequential cell  
The clock pin U_7SEG/seg7_addr_reg[1]/C is not reached by a timing clock
Related violations: <none>

TIMING-17#3 Warning
Non-clocked sequential cell  
The clock pin U_7SEG/seg7_addr_reg[2]/C is not reached by a timing clock
Related violations: <none>

TIMING-17#4 Warning
Non-clocked sequential cell  
The clock pin U_DM/dmem_reg_0_127_0_0/HIGH/CLK is not reached by a timing clock
Related violations: <none>

TIMING-17#5 Warning
Non-clocked sequential cell  
The clock pin U_DM/dmem_reg_0_127_0_0/LOW/CLK is not reached by a timing clock
Related violations: <none>

TIMING-17#6 Warning
Non-clocked sequential cell  
The clock pin U_DM/dmem_reg_0_127_10_10/HIGH/CLK is not reached by a timing clock
Related violations: <none>

TIMING-17#7 Warning
Non-clocked sequential cell  
The clock pin U_DM/dmem_reg_0_127_10_10/LOW/CLK is not reached by a timing clock
Related violations: <none>

TIMING-17#8 Warning
Non-clocked sequential cell  
The clock pin U_DM/dmem_reg_0_127_11_11/HIGH/CLK is not reached by a timing clock
Related violations: <none>

TIMING-17#9 Warning
Non-clocked sequential cell  
The clock pin U_DM/dmem_reg_0_127_11_11/LOW/CLK is not reached by a timing clock
Related violations: <none>

TIMING-17#10 Warning
Non-clocked sequential cell  
The clock pin U_DM/dmem_reg_0_127_12_12/HIGH/CLK is not reached by a timing clock
Related violations: <none>

TIMING-17#11 Warning
Non-clocked sequential cell  
The clock pin U_DM/dmem_reg_0_127_12_12/LOW/CLK is not reached by a timing clock
Related violations: <none>

TIMING-17#12 Warning
Non-clocked sequential cell  
The clock pin U_DM/dmem_reg_0_127_13_13/HIGH/CLK is not reached by a timing clock
Related violations: <none>

TIMING-17#13 Warning
Non-clocked sequential cell  
The clock pin U_DM/dmem_reg_0_127_13_13/LOW/CLK is not reached by a timing clock
Related violations: <none>

TIMING-17#14 Warning
Non-clocked sequential cell  
The clock pin U_DM/dmem_reg_0_127_14_14/HIGH/CLK is not reached by a timing clock
Related violations: <none>

TIMING-17#15 Warning
Non-clocked sequential cell  
The clock pin U_DM/dmem_reg_0_127_14_14/LOW/CLK is not reached by a timing clock
Related violations: <none>

TIMING-17#16 Warning
Non-clocked sequential cell  
The clock pin U_DM/dmem_reg_0_127_15_15/HIGH/CLK is not reached by a timing clock
Related violations: <none>

TIMING-17#17 Warning
Non-clocked sequential cell  
The clock pin U_DM/dmem_reg_0_127_15_15/LOW/CLK is not reached by a timing clock
Related violations: <none>

TIMING-17#18 Warning
Non-clocked sequential cell  
The clock pin U_DM/dmem_reg_0_127_16_16/HIGH/CLK is not reached by a timing clock
Related violations: <none>

TIMING-17#19 Warning
Non-clocked sequential cell  
The clock pin U_DM/dmem_reg_0_127_16_16/LOW/CLK is not reached by a timing clock
Related violations: <none>

TIMING-17#20 Warning
Non-clocked sequential cell  
The clock pin U_DM/dmem_reg_0_127_17_17/HIGH/CLK is not reached by a timing clock
Related violations: <none>

TIMING-17#21 Warning
Non-clocked sequential cell  
The clock pin U_DM/dmem_reg_0_127_17_17/LOW/CLK is not reached by a timing clock
Related violations: <none>

TIMING-17#22 Warning
Non-clocked sequential cell  
The clock pin U_DM/dmem_reg_0_127_18_18/HIGH/CLK is not reached by a timing clock
Related violations: <none>

TIMING-17#23 Warning
Non-clocked sequential cell  
The clock pin U_DM/dmem_reg_0_127_18_18/LOW/CLK is not reached by a timing clock
Related violations: <none>

TIMING-17#24 Warning
Non-clocked sequential cell  
The clock pin U_DM/dmem_reg_0_127_19_19/HIGH/CLK is not reached by a timing clock
Related violations: <none>

TIMING-17#25 Warning
Non-clocked sequential cell  
The clock pin U_DM/dmem_reg_0_127_19_19/LOW/CLK is not reached by a timing clock
Related violations: <none>

TIMING-17#26 Warning
Non-clocked sequential cell  
The clock pin U_DM/dmem_reg_0_127_1_1/HIGH/CLK is not reached by a timing clock
Related violations: <none>

TIMING-17#27 Warning
Non-clocked sequential cell  
The clock pin U_DM/dmem_reg_0_127_1_1/LOW/CLK is not reached by a timing clock
Related violations: <none>

TIMING-17#28 Warning
Non-clocked sequential cell  
The clock pin U_DM/dmem_reg_0_127_20_20/HIGH/CLK is not reached by a timing clock
Related violations: <none>

TIMING-17#29 Warning
Non-clocked sequential cell  
The clock pin U_DM/dmem_reg_0_127_20_20/LOW/CLK is not reached by a timing clock
Related violations: <none>

TIMING-17#30 Warning
Non-clocked sequential cell  
The clock pin U_DM/dmem_reg_0_127_21_21/HIGH/CLK is not reached by a timing clock
Related violations: <none>

TIMING-17#31 Warning
Non-clocked sequential cell  
The clock pin U_DM/dmem_reg_0_127_21_21/LOW/CLK is not reached by a timing clock
Related violations: <none>

TIMING-17#32 Warning
Non-clocked sequential cell  
The clock pin U_DM/dmem_reg_0_127_22_22/HIGH/CLK is not reached by a timing clock
Related violations: <none>

TIMING-17#33 Warning
Non-clocked sequential cell  
The clock pin U_DM/dmem_reg_0_127_22_22/LOW/CLK is not reached by a timing clock
Related violations: <none>

TIMING-17#34 Warning
Non-clocked sequential cell  
The clock pin U_DM/dmem_reg_0_127_23_23/HIGH/CLK is not reached by a timing clock
Related violations: <none>

TIMING-17#35 Warning
Non-clocked sequential cell  
The clock pin U_DM/dmem_reg_0_127_23_23/LOW/CLK is not reached by a timing clock
Related violations: <none>

TIMING-17#36 Warning
Non-clocked sequential cell  
The clock pin U_DM/dmem_reg_0_127_24_24/HIGH/CLK is not reached by a timing clock
Related violations: <none>

TIMING-17#37 Warning
Non-clocked sequential cell  
The clock pin U_DM/dmem_reg_0_127_24_24/LOW/CLK is not reached by a timing clock
Related violations: <none>

TIMING-17#38 Warning
Non-clocked sequential cell  
The clock pin U_DM/dmem_reg_0_127_25_25/HIGH/CLK is not reached by a timing clock
Related violations: <none>

TIMING-17#39 Warning
Non-clocked sequential cell  
The clock pin U_DM/dmem_reg_0_127_25_25/LOW/CLK is not reached by a timing clock
Related violations: <none>

TIMING-17#40 Warning
Non-clocked sequential cell  
The clock pin U_DM/dmem_reg_0_127_26_26/HIGH/CLK is not reached by a timing clock
Related violations: <none>

TIMING-17#41 Warning
Non-clocked sequential cell  
The clock pin U_DM/dmem_reg_0_127_26_26/LOW/CLK is not reached by a timing clock
Related violations: <none>

TIMING-17#42 Warning
Non-clocked sequential cell  
The clock pin U_DM/dmem_reg_0_127_27_27/HIGH/CLK is not reached by a timing clock
Related violations: <none>

TIMING-17#43 Warning
Non-clocked sequential cell  
The clock pin U_DM/dmem_reg_0_127_27_27/LOW/CLK is not reached by a timing clock
Related violations: <none>

TIMING-17#44 Warning
Non-clocked sequential cell  
The clock pin U_DM/dmem_reg_0_127_28_28/HIGH/CLK is not reached by a timing clock
Related violations: <none>

TIMING-17#45 Warning
Non-clocked sequential cell  
The clock pin U_DM/dmem_reg_0_127_28_28/LOW/CLK is not reached by a timing clock
Related violations: <none>

TIMING-17#46 Warning
Non-clocked sequential cell  
The clock pin U_DM/dmem_reg_0_127_29_29/HIGH/CLK is not reached by a timing clock
Related violations: <none>

TIMING-17#47 Warning
Non-clocked sequential cell  
The clock pin U_DM/dmem_reg_0_127_29_29/LOW/CLK is not reached by a timing clock
Related violations: <none>

TIMING-17#48 Warning
Non-clocked sequential cell  
The clock pin U_DM/dmem_reg_0_127_2_2/HIGH/CLK is not reached by a timing clock
Related violations: <none>

TIMING-17#49 Warning
Non-clocked sequential cell  
The clock pin U_DM/dmem_reg_0_127_2_2/LOW/CLK is not reached by a timing clock
Related violations: <none>

TIMING-17#50 Warning
Non-clocked sequential cell  
The clock pin U_DM/dmem_reg_0_127_30_30/HIGH/CLK is not reached by a timing clock
Related violations: <none>

TIMING-17#51 Warning
Non-clocked sequential cell  
The clock pin U_DM/dmem_reg_0_127_30_30/LOW/CLK is not reached by a timing clock
Related violations: <none>

TIMING-17#52 Warning
Non-clocked sequential cell  
The clock pin U_DM/dmem_reg_0_127_31_31/HIGH/CLK is not reached by a timing clock
Related violations: <none>

TIMING-17#53 Warning
Non-clocked sequential cell  
The clock pin U_DM/dmem_reg_0_127_31_31/LOW/CLK is not reached by a timing clock
Related violations: <none>

TIMING-17#54 Warning
Non-clocked sequential cell  
The clock pin U_DM/dmem_reg_0_127_3_3/HIGH/CLK is not reached by a timing clock
Related violations: <none>

TIMING-17#55 Warning
Non-clocked sequential cell  
The clock pin U_DM/dmem_reg_0_127_3_3/LOW/CLK is not reached by a timing clock
Related violations: <none>

TIMING-17#56 Warning
Non-clocked sequential cell  
The clock pin U_DM/dmem_reg_0_127_4_4/HIGH/CLK is not reached by a timing clock
Related violations: <none>

TIMING-17#57 Warning
Non-clocked sequential cell  
The clock pin U_DM/dmem_reg_0_127_4_4/LOW/CLK is not reached by a timing clock
Related violations: <none>

TIMING-17#58 Warning
Non-clocked sequential cell  
The clock pin U_DM/dmem_reg_0_127_5_5/HIGH/CLK is not reached by a timing clock
Related violations: <none>

TIMING-17#59 Warning
Non-clocked sequential cell  
The clock pin U_DM/dmem_reg_0_127_5_5/LOW/CLK is not reached by a timing clock
Related violations: <none>

TIMING-17#60 Warning
Non-clocked sequential cell  
The clock pin U_DM/dmem_reg_0_127_6_6/HIGH/CLK is not reached by a timing clock
Related violations: <none>

TIMING-17#61 Warning
Non-clocked sequential cell  
The clock pin U_DM/dmem_reg_0_127_6_6/LOW/CLK is not reached by a timing clock
Related violations: <none>

TIMING-17#62 Warning
Non-clocked sequential cell  
The clock pin U_DM/dmem_reg_0_127_7_7/HIGH/CLK is not reached by a timing clock
Related violations: <none>

TIMING-17#63 Warning
Non-clocked sequential cell  
The clock pin U_DM/dmem_reg_0_127_7_7/LOW/CLK is not reached by a timing clock
Related violations: <none>

TIMING-17#64 Warning
Non-clocked sequential cell  
The clock pin U_DM/dmem_reg_0_127_8_8/HIGH/CLK is not reached by a timing clock
Related violations: <none>

TIMING-17#65 Warning
Non-clocked sequential cell  
The clock pin U_DM/dmem_reg_0_127_8_8/LOW/CLK is not reached by a timing clock
Related violations: <none>

TIMING-17#66 Warning
Non-clocked sequential cell  
The clock pin U_DM/dmem_reg_0_127_9_9/HIGH/CLK is not reached by a timing clock
Related violations: <none>

TIMING-17#67 Warning
Non-clocked sequential cell  
The clock pin U_DM/dmem_reg_0_127_9_9/LOW/CLK is not reached by a timing clock
Related violations: <none>

TIMING-17#68 Warning
Non-clocked sequential cell  
The clock pin U_SCCPU/U_PC/PC_reg[0]/C is not reached by a timing clock
Related violations: <none>

TIMING-17#69 Warning
Non-clocked sequential cell  
The clock pin U_SCCPU/U_PC/PC_reg[10]/C is not reached by a timing clock
Related violations: <none>

TIMING-17#70 Warning
Non-clocked sequential cell  
The clock pin U_SCCPU/U_PC/PC_reg[11]/C is not reached by a timing clock
Related violations: <none>

TIMING-17#71 Warning
Non-clocked sequential cell  
The clock pin U_SCCPU/U_PC/PC_reg[12]/C is not reached by a timing clock
Related violations: <none>

TIMING-17#72 Warning
Non-clocked sequential cell  
The clock pin U_SCCPU/U_PC/PC_reg[13]/C is not reached by a timing clock
Related violations: <none>

TIMING-17#73 Warning
Non-clocked sequential cell  
The clock pin U_SCCPU/U_PC/PC_reg[14]/C is not reached by a timing clock
Related violations: <none>

TIMING-17#74 Warning
Non-clocked sequential cell  
The clock pin U_SCCPU/U_PC/PC_reg[15]/C is not reached by a timing clock
Related violations: <none>

TIMING-17#75 Warning
Non-clocked sequential cell  
The clock pin U_SCCPU/U_PC/PC_reg[16]/C is not reached by a timing clock
Related violations: <none>

TIMING-17#76 Warning
Non-clocked sequential cell  
The clock pin U_SCCPU/U_PC/PC_reg[17]/C is not reached by a timing clock
Related violations: <none>

TIMING-17#77 Warning
Non-clocked sequential cell  
The clock pin U_SCCPU/U_PC/PC_reg[18]/C is not reached by a timing clock
Related violations: <none>

TIMING-17#78 Warning
Non-clocked sequential cell  
The clock pin U_SCCPU/U_PC/PC_reg[19]/C is not reached by a timing clock
Related violations: <none>

TIMING-17#79 Warning
Non-clocked sequential cell  
The clock pin U_SCCPU/U_PC/PC_reg[1]/C is not reached by a timing clock
Related violations: <none>

TIMING-17#80 Warning
Non-clocked sequential cell  
The clock pin U_SCCPU/U_PC/PC_reg[20]/C is not reached by a timing clock
Related violations: <none>

TIMING-17#81 Warning
Non-clocked sequential cell  
The clock pin U_SCCPU/U_PC/PC_reg[21]/C is not reached by a timing clock
Related violations: <none>

TIMING-17#82 Warning
Non-clocked sequential cell  
The clock pin U_SCCPU/U_PC/PC_reg[22]/C is not reached by a timing clock
Related violations: <none>

TIMING-17#83 Warning
Non-clocked sequential cell  
The clock pin U_SCCPU/U_PC/PC_reg[23]/C is not reached by a timing clock
Related violations: <none>

TIMING-17#84 Warning
Non-clocked sequential cell  
The clock pin U_SCCPU/U_PC/PC_reg[24]/C is not reached by a timing clock
Related violations: <none>

TIMING-17#85 Warning
Non-clocked sequential cell  
The clock pin U_SCCPU/U_PC/PC_reg[25]/C is not reached by a timing clock
Related violations: <none>

TIMING-17#86 Warning
Non-clocked sequential cell  
The clock pin U_SCCPU/U_PC/PC_reg[26]/C is not reached by a timing clock
Related violations: <none>

TIMING-17#87 Warning
Non-clocked sequential cell  
The clock pin U_SCCPU/U_PC/PC_reg[27]/C is not reached by a timing clock
Related violations: <none>

TIMING-17#88 Warning
Non-clocked sequential cell  
The clock pin U_SCCPU/U_PC/PC_reg[28]/C is not reached by a timing clock
Related violations: <none>

TIMING-17#89 Warning
Non-clocked sequential cell  
The clock pin U_SCCPU/U_PC/PC_reg[29]/C is not reached by a timing clock
Related violations: <none>

TIMING-17#90 Warning
Non-clocked sequential cell  
The clock pin U_SCCPU/U_PC/PC_reg[2]/C is not reached by a timing clock
Related violations: <none>

TIMING-17#91 Warning
Non-clocked sequential cell  
The clock pin U_SCCPU/U_PC/PC_reg[30]/C is not reached by a timing clock
Related violations: <none>

TIMING-17#92 Warning
Non-clocked sequential cell  
The clock pin U_SCCPU/U_PC/PC_reg[31]/C is not reached by a timing clock
Related violations: <none>

TIMING-17#93 Warning
Non-clocked sequential cell  
The clock pin U_SCCPU/U_PC/PC_reg[3]/C is not reached by a timing clock
Related violations: <none>

TIMING-17#94 Warning
Non-clocked sequential cell  
The clock pin U_SCCPU/U_PC/PC_reg[4]/C is not reached by a timing clock
Related violations: <none>

TIMING-17#95 Warning
Non-clocked sequential cell  
The clock pin U_SCCPU/U_PC/PC_reg[5]/C is not reached by a timing clock
Related violations: <none>

TIMING-17#96 Warning
Non-clocked sequential cell  
The clock pin U_SCCPU/U_PC/PC_reg[6]/C is not reached by a timing clock
Related violations: <none>

TIMING-17#97 Warning
Non-clocked sequential cell  
The clock pin U_SCCPU/U_PC/PC_reg[7]/C is not reached by a timing clock
Related violations: <none>

TIMING-17#98 Warning
Non-clocked sequential cell  
The clock pin U_SCCPU/U_PC/PC_reg[8]/C is not reached by a timing clock
Related violations: <none>

TIMING-17#99 Warning
Non-clocked sequential cell  
The clock pin U_SCCPU/U_PC/PC_reg[9]/C is not reached by a timing clock
Related violations: <none>

TIMING-17#100 Warning
Non-clocked sequential cell  
The clock pin U_SCCPU/U_RF/rf_reg[10][0]/C is not reached by a timing clock
Related violations: <none>

TIMING-17#101 Warning
Non-clocked sequential cell  
The clock pin U_SCCPU/U_RF/rf_reg[10][10]/C is not reached by a timing clock
Related violations: <none>

TIMING-17#102 Warning
Non-clocked sequential cell  
The clock pin U_SCCPU/U_RF/rf_reg[10][11]/C is not reached by a timing clock
Related violations: <none>

TIMING-17#103 Warning
Non-clocked sequential cell  
The clock pin U_SCCPU/U_RF/rf_reg[10][12]/C is not reached by a timing clock
Related violations: <none>

TIMING-17#104 Warning
Non-clocked sequential cell  
The clock pin U_SCCPU/U_RF/rf_reg[10][13]/C is not reached by a timing clock
Related violations: <none>

TIMING-17#105 Warning
Non-clocked sequential cell  
The clock pin U_SCCPU/U_RF/rf_reg[10][14]/C is not reached by a timing clock
Related violations: <none>

TIMING-17#106 Warning
Non-clocked sequential cell  
The clock pin U_SCCPU/U_RF/rf_reg[10][15]/C is not reached by a timing clock
Related violations: <none>

TIMING-17#107 Warning
Non-clocked sequential cell  
The clock pin U_SCCPU/U_RF/rf_reg[10][16]/C is not reached by a timing clock
Related violations: <none>

TIMING-17#108 Warning
Non-clocked sequential cell  
The clock pin U_SCCPU/U_RF/rf_reg[10][17]/C is not reached by a timing clock
Related violations: <none>

TIMING-17#109 Warning
Non-clocked sequential cell  
The clock pin U_SCCPU/U_RF/rf_reg[10][18]/C is not reached by a timing clock
Related violations: <none>

TIMING-17#110 Warning
Non-clocked sequential cell  
The clock pin U_SCCPU/U_RF/rf_reg[10][19]/C is not reached by a timing clock
Related violations: <none>

TIMING-17#111 Warning
Non-clocked sequential cell  
The clock pin U_SCCPU/U_RF/rf_reg[10][1]/C is not reached by a timing clock
Related violations: <none>

TIMING-17#112 Warning
Non-clocked sequential cell  
The clock pin U_SCCPU/U_RF/rf_reg[10][20]/C is not reached by a timing clock
Related violations: <none>

TIMING-17#113 Warning
Non-clocked sequential cell  
The clock pin U_SCCPU/U_RF/rf_reg[10][21]/C is not reached by a timing clock
Related violations: <none>

TIMING-17#114 Warning
Non-clocked sequential cell  
The clock pin U_SCCPU/U_RF/rf_reg[10][22]/C is not reached by a timing clock
Related violations: <none>

TIMING-17#115 Warning
Non-clocked sequential cell  
The clock pin U_SCCPU/U_RF/rf_reg[10][23]/C is not reached by a timing clock
Related violations: <none>

TIMING-17#116 Warning
Non-clocked sequential cell  
The clock pin U_SCCPU/U_RF/rf_reg[10][24]/C is not reached by a timing clock
Related violations: <none>

TIMING-17#117 Warning
Non-clocked sequential cell  
The clock pin U_SCCPU/U_RF/rf_reg[10][25]/C is not reached by a timing clock
Related violations: <none>

TIMING-17#118 Warning
Non-clocked sequential cell  
The clock pin U_SCCPU/U_RF/rf_reg[10][26]/C is not reached by a timing clock
Related violations: <none>

TIMING-17#119 Warning
Non-clocked sequential cell  
The clock pin U_SCCPU/U_RF/rf_reg[10][27]/C is not reached by a timing clock
Related violations: <none>

TIMING-17#120 Warning
Non-clocked sequential cell  
The clock pin U_SCCPU/U_RF/rf_reg[10][28]/C is not reached by a timing clock
Related violations: <none>

TIMING-17#121 Warning
Non-clocked sequential cell  
The clock pin U_SCCPU/U_RF/rf_reg[10][29]/C is not reached by a timing clock
Related violations: <none>

TIMING-17#122 Warning
Non-clocked sequential cell  
The clock pin U_SCCPU/U_RF/rf_reg[10][2]/C is not reached by a timing clock
Related violations: <none>

TIMING-17#123 Warning
Non-clocked sequential cell  
The clock pin U_SCCPU/U_RF/rf_reg[10][30]/C is not reached by a timing clock
Related violations: <none>

TIMING-17#124 Warning
Non-clocked sequential cell  
The clock pin U_SCCPU/U_RF/rf_reg[10][31]/C is not reached by a timing clock
Related violations: <none>

TIMING-17#125 Warning
Non-clocked sequential cell  
The clock pin U_SCCPU/U_RF/rf_reg[10][3]/C is not reached by a timing clock
Related violations: <none>

TIMING-17#126 Warning
Non-clocked sequential cell  
The clock pin U_SCCPU/U_RF/rf_reg[10][4]/C is not reached by a timing clock
Related violations: <none>

TIMING-17#127 Warning
Non-clocked sequential cell  
The clock pin U_SCCPU/U_RF/rf_reg[10][5]/C is not reached by a timing clock
Related violations: <none>

TIMING-17#128 Warning
Non-clocked sequential cell  
The clock pin U_SCCPU/U_RF/rf_reg[10][6]/C is not reached by a timing clock
Related violations: <none>

TIMING-17#129 Warning
Non-clocked sequential cell  
The clock pin U_SCCPU/U_RF/rf_reg[10][7]/C is not reached by a timing clock
Related violations: <none>

TIMING-17#130 Warning
Non-clocked sequential cell  
The clock pin U_SCCPU/U_RF/rf_reg[10][8]/C is not reached by a timing clock
Related violations: <none>

TIMING-17#131 Warning
Non-clocked sequential cell  
The clock pin U_SCCPU/U_RF/rf_reg[10][9]/C is not reached by a timing clock
Related violations: <none>

TIMING-17#132 Warning
Non-clocked sequential cell  
The clock pin U_SCCPU/U_RF/rf_reg[11][0]/C is not reached by a timing clock
Related violations: <none>

TIMING-17#133 Warning
Non-clocked sequential cell  
The clock pin U_SCCPU/U_RF/rf_reg[11][10]/C is not reached by a timing clock
Related violations: <none>

TIMING-17#134 Warning
Non-clocked sequential cell  
The clock pin U_SCCPU/U_RF/rf_reg[11][11]/C is not reached by a timing clock
Related violations: <none>

TIMING-17#135 Warning
Non-clocked sequential cell  
The clock pin U_SCCPU/U_RF/rf_reg[11][12]/C is not reached by a timing clock
Related violations: <none>

TIMING-17#136 Warning
Non-clocked sequential cell  
The clock pin U_SCCPU/U_RF/rf_reg[11][13]/C is not reached by a timing clock
Related violations: <none>

TIMING-17#137 Warning
Non-clocked sequential cell  
The clock pin U_SCCPU/U_RF/rf_reg[11][14]/C is not reached by a timing clock
Related violations: <none>

TIMING-17#138 Warning
Non-clocked sequential cell  
The clock pin U_SCCPU/U_RF/rf_reg[11][15]/C is not reached by a timing clock
Related violations: <none>

TIMING-17#139 Warning
Non-clocked sequential cell  
The clock pin U_SCCPU/U_RF/rf_reg[11][16]/C is not reached by a timing clock
Related violations: <none>

TIMING-17#140 Warning
Non-clocked sequential cell  
The clock pin U_SCCPU/U_RF/rf_reg[11][17]/C is not reached by a timing clock
Related violations: <none>

TIMING-17#141 Warning
Non-clocked sequential cell  
The clock pin U_SCCPU/U_RF/rf_reg[11][18]/C is not reached by a timing clock
Related violations: <none>

TIMING-17#142 Warning
Non-clocked sequential cell  
The clock pin U_SCCPU/U_RF/rf_reg[11][19]/C is not reached by a timing clock
Related violations: <none>

TIMING-17#143 Warning
Non-clocked sequential cell  
The clock pin U_SCCPU/U_RF/rf_reg[11][1]/C is not reached by a timing clock
Related violations: <none>

TIMING-17#144 Warning
Non-clocked sequential cell  
The clock pin U_SCCPU/U_RF/rf_reg[11][20]/C is not reached by a timing clock
Related violations: <none>

TIMING-17#145 Warning
Non-clocked sequential cell  
The clock pin U_SCCPU/U_RF/rf_reg[11][21]/C is not reached by a timing clock
Related violations: <none>

TIMING-17#146 Warning
Non-clocked sequential cell  
The clock pin U_SCCPU/U_RF/rf_reg[11][22]/C is not reached by a timing clock
Related violations: <none>

TIMING-17#147 Warning
Non-clocked sequential cell  
The clock pin U_SCCPU/U_RF/rf_reg[11][23]/C is not reached by a timing clock
Related violations: <none>

TIMING-17#148 Warning
Non-clocked sequential cell  
The clock pin U_SCCPU/U_RF/rf_reg[11][24]/C is not reached by a timing clock
Related violations: <none>

TIMING-17#149 Warning
Non-clocked sequential cell  
The clock pin U_SCCPU/U_RF/rf_reg[11][25]/C is not reached by a timing clock
Related violations: <none>

TIMING-17#150 Warning
Non-clocked sequential cell  
The clock pin U_SCCPU/U_RF/rf_reg[11][26]/C is not reached by a timing clock
Related violations: <none>

TIMING-17#151 Warning
Non-clocked sequential cell  
The clock pin U_SCCPU/U_RF/rf_reg[11][27]/C is not reached by a timing clock
Related violations: <none>

TIMING-17#152 Warning
Non-clocked sequential cell  
The clock pin U_SCCPU/U_RF/rf_reg[11][28]/C is not reached by a timing clock
Related violations: <none>

TIMING-17#153 Warning
Non-clocked sequential cell  
The clock pin U_SCCPU/U_RF/rf_reg[11][29]/C is not reached by a timing clock
Related violations: <none>

TIMING-17#154 Warning
Non-clocked sequential cell  
The clock pin U_SCCPU/U_RF/rf_reg[11][2]/C is not reached by a timing clock
Related violations: <none>

TIMING-17#155 Warning
Non-clocked sequential cell  
The clock pin U_SCCPU/U_RF/rf_reg[11][30]/C is not reached by a timing clock
Related violations: <none>

TIMING-17#156 Warning
Non-clocked sequential cell  
The clock pin U_SCCPU/U_RF/rf_reg[11][31]/C is not reached by a timing clock
Related violations: <none>

TIMING-17#157 Warning
Non-clocked sequential cell  
The clock pin U_SCCPU/U_RF/rf_reg[11][3]/C is not reached by a timing clock
Related violations: <none>

TIMING-17#158 Warning
Non-clocked sequential cell  
The clock pin U_SCCPU/U_RF/rf_reg[11][4]/C is not reached by a timing clock
Related violations: <none>

TIMING-17#159 Warning
Non-clocked sequential cell  
The clock pin U_SCCPU/U_RF/rf_reg[11][5]/C is not reached by a timing clock
Related violations: <none>

TIMING-17#160 Warning
Non-clocked sequential cell  
The clock pin U_SCCPU/U_RF/rf_reg[11][6]/C is not reached by a timing clock
Related violations: <none>

TIMING-17#161 Warning
Non-clocked sequential cell  
The clock pin U_SCCPU/U_RF/rf_reg[11][7]/C is not reached by a timing clock
Related violations: <none>

TIMING-17#162 Warning
Non-clocked sequential cell  
The clock pin U_SCCPU/U_RF/rf_reg[11][8]/C is not reached by a timing clock
Related violations: <none>

TIMING-17#163 Warning
Non-clocked sequential cell  
The clock pin U_SCCPU/U_RF/rf_reg[11][9]/C is not reached by a timing clock
Related violations: <none>

TIMING-17#164 Warning
Non-clocked sequential cell  
The clock pin U_SCCPU/U_RF/rf_reg[12][0]/C is not reached by a timing clock
Related violations: <none>

TIMING-17#165 Warning
Non-clocked sequential cell  
The clock pin U_SCCPU/U_RF/rf_reg[12][10]/C is not reached by a timing clock
Related violations: <none>

TIMING-17#166 Warning
Non-clocked sequential cell  
The clock pin U_SCCPU/U_RF/rf_reg[12][11]/C is not reached by a timing clock
Related violations: <none>

TIMING-17#167 Warning
Non-clocked sequential cell  
The clock pin U_SCCPU/U_RF/rf_reg[12][12]/C is not reached by a timing clock
Related violations: <none>

TIMING-17#168 Warning
Non-clocked sequential cell  
The clock pin U_SCCPU/U_RF/rf_reg[12][13]/C is not reached by a timing clock
Related violations: <none>

TIMING-17#169 Warning
Non-clocked sequential cell  
The clock pin U_SCCPU/U_RF/rf_reg[12][14]/C is not reached by a timing clock
Related violations: <none>

TIMING-17#170 Warning
Non-clocked sequential cell  
The clock pin U_SCCPU/U_RF/rf_reg[12][15]/C is not reached by a timing clock
Related violations: <none>

TIMING-17#171 Warning
Non-clocked sequential cell  
The clock pin U_SCCPU/U_RF/rf_reg[12][16]/C is not reached by a timing clock
Related violations: <none>

TIMING-17#172 Warning
Non-clocked sequential cell  
The clock pin U_SCCPU/U_RF/rf_reg[12][17]/C is not reached by a timing clock
Related violations: <none>

TIMING-17#173 Warning
Non-clocked sequential cell  
The clock pin U_SCCPU/U_RF/rf_reg[12][18]/C is not reached by a timing clock
Related violations: <none>

TIMING-17#174 Warning
Non-clocked sequential cell  
The clock pin U_SCCPU/U_RF/rf_reg[12][19]/C is not reached by a timing clock
Related violations: <none>

TIMING-17#175 Warning
Non-clocked sequential cell  
The clock pin U_SCCPU/U_RF/rf_reg[12][1]/C is not reached by a timing clock
Related violations: <none>

TIMING-17#176 Warning
Non-clocked sequential cell  
The clock pin U_SCCPU/U_RF/rf_reg[12][20]/C is not reached by a timing clock
Related violations: <none>

TIMING-17#177 Warning
Non-clocked sequential cell  
The clock pin U_SCCPU/U_RF/rf_reg[12][21]/C is not reached by a timing clock
Related violations: <none>

TIMING-17#178 Warning
Non-clocked sequential cell  
The clock pin U_SCCPU/U_RF/rf_reg[12][22]/C is not reached by a timing clock
Related violations: <none>

TIMING-17#179 Warning
Non-clocked sequential cell  
The clock pin U_SCCPU/U_RF/rf_reg[12][23]/C is not reached by a timing clock
Related violations: <none>

TIMING-17#180 Warning
Non-clocked sequential cell  
The clock pin U_SCCPU/U_RF/rf_reg[12][24]/C is not reached by a timing clock
Related violations: <none>

TIMING-17#181 Warning
Non-clocked sequential cell  
The clock pin U_SCCPU/U_RF/rf_reg[12][25]/C is not reached by a timing clock
Related violations: <none>

TIMING-17#182 Warning
Non-clocked sequential cell  
The clock pin U_SCCPU/U_RF/rf_reg[12][26]/C is not reached by a timing clock
Related violations: <none>

TIMING-17#183 Warning
Non-clocked sequential cell  
The clock pin U_SCCPU/U_RF/rf_reg[12][27]/C is not reached by a timing clock
Related violations: <none>

TIMING-17#184 Warning
Non-clocked sequential cell  
The clock pin U_SCCPU/U_RF/rf_reg[12][28]/C is not reached by a timing clock
Related violations: <none>

TIMING-17#185 Warning
Non-clocked sequential cell  
The clock pin U_SCCPU/U_RF/rf_reg[12][29]/C is not reached by a timing clock
Related violations: <none>

TIMING-17#186 Warning
Non-clocked sequential cell  
The clock pin U_SCCPU/U_RF/rf_reg[12][2]/C is not reached by a timing clock
Related violations: <none>

TIMING-17#187 Warning
Non-clocked sequential cell  
The clock pin U_SCCPU/U_RF/rf_reg[12][30]/C is not reached by a timing clock
Related violations: <none>

TIMING-17#188 Warning
Non-clocked sequential cell  
The clock pin U_SCCPU/U_RF/rf_reg[12][31]/C is not reached by a timing clock
Related violations: <none>

TIMING-17#189 Warning
Non-clocked sequential cell  
The clock pin U_SCCPU/U_RF/rf_reg[12][3]/C is not reached by a timing clock
Related violations: <none>

TIMING-17#190 Warning
Non-clocked sequential cell  
The clock pin U_SCCPU/U_RF/rf_reg[12][4]/C is not reached by a timing clock
Related violations: <none>

TIMING-17#191 Warning
Non-clocked sequential cell  
The clock pin U_SCCPU/U_RF/rf_reg[12][5]/C is not reached by a timing clock
Related violations: <none>

TIMING-17#192 Warning
Non-clocked sequential cell  
The clock pin U_SCCPU/U_RF/rf_reg[12][6]/C is not reached by a timing clock
Related violations: <none>

TIMING-17#193 Warning
Non-clocked sequential cell  
The clock pin U_SCCPU/U_RF/rf_reg[12][7]/C is not reached by a timing clock
Related violations: <none>

TIMING-17#194 Warning
Non-clocked sequential cell  
The clock pin U_SCCPU/U_RF/rf_reg[12][8]/C is not reached by a timing clock
Related violations: <none>

TIMING-17#195 Warning
Non-clocked sequential cell  
The clock pin U_SCCPU/U_RF/rf_reg[12][9]/C is not reached by a timing clock
Related violations: <none>

TIMING-17#196 Warning
Non-clocked sequential cell  
The clock pin U_SCCPU/U_RF/rf_reg[13][0]/C is not reached by a timing clock
Related violations: <none>

TIMING-17#197 Warning
Non-clocked sequential cell  
The clock pin U_SCCPU/U_RF/rf_reg[13][10]/C is not reached by a timing clock
Related violations: <none>

TIMING-17#198 Warning
Non-clocked sequential cell  
The clock pin U_SCCPU/U_RF/rf_reg[13][11]/C is not reached by a timing clock
Related violations: <none>

TIMING-17#199 Warning
Non-clocked sequential cell  
The clock pin U_SCCPU/U_RF/rf_reg[13][12]/C is not reached by a timing clock
Related violations: <none>

TIMING-17#200 Warning
Non-clocked sequential cell  
The clock pin U_SCCPU/U_RF/rf_reg[13][13]/C is not reached by a timing clock
Related violations: <none>

TIMING-17#201 Warning
Non-clocked sequential cell  
The clock pin U_SCCPU/U_RF/rf_reg[13][14]/C is not reached by a timing clock
Related violations: <none>

TIMING-17#202 Warning
Non-clocked sequential cell  
The clock pin U_SCCPU/U_RF/rf_reg[13][15]/C is not reached by a timing clock
Related violations: <none>

TIMING-17#203 Warning
Non-clocked sequential cell  
The clock pin U_SCCPU/U_RF/rf_reg[13][16]/C is not reached by a timing clock
Related violations: <none>

TIMING-17#204 Warning
Non-clocked sequential cell  
The clock pin U_SCCPU/U_RF/rf_reg[13][17]/C is not reached by a timing clock
Related violations: <none>

TIMING-17#205 Warning
Non-clocked sequential cell  
The clock pin U_SCCPU/U_RF/rf_reg[13][18]/C is not reached by a timing clock
Related violations: <none>

TIMING-17#206 Warning
Non-clocked sequential cell  
The clock pin U_SCCPU/U_RF/rf_reg[13][19]/C is not reached by a timing clock
Related violations: <none>

TIMING-17#207 Warning
Non-clocked sequential cell  
The clock pin U_SCCPU/U_RF/rf_reg[13][1]/C is not reached by a timing clock
Related violations: <none>

TIMING-17#208 Warning
Non-clocked sequential cell  
The clock pin U_SCCPU/U_RF/rf_reg[13][20]/C is not reached by a timing clock
Related violations: <none>

TIMING-17#209 Warning
Non-clocked sequential cell  
The clock pin U_SCCPU/U_RF/rf_reg[13][21]/C is not reached by a timing clock
Related violations: <none>

TIMING-17#210 Warning
Non-clocked sequential cell  
The clock pin U_SCCPU/U_RF/rf_reg[13][22]/C is not reached by a timing clock
Related violations: <none>

TIMING-17#211 Warning
Non-clocked sequential cell  
The clock pin U_SCCPU/U_RF/rf_reg[13][23]/C is not reached by a timing clock
Related violations: <none>

TIMING-17#212 Warning
Non-clocked sequential cell  
The clock pin U_SCCPU/U_RF/rf_reg[13][24]/C is not reached by a timing clock
Related violations: <none>

TIMING-17#213 Warning
Non-clocked sequential cell  
The clock pin U_SCCPU/U_RF/rf_reg[13][25]/C is not reached by a timing clock
Related violations: <none>

TIMING-17#214 Warning
Non-clocked sequential cell  
The clock pin U_SCCPU/U_RF/rf_reg[13][26]/C is not reached by a timing clock
Related violations: <none>

TIMING-17#215 Warning
Non-clocked sequential cell  
The clock pin U_SCCPU/U_RF/rf_reg[13][27]/C is not reached by a timing clock
Related violations: <none>

TIMING-17#216 Warning
Non-clocked sequential cell  
The clock pin U_SCCPU/U_RF/rf_reg[13][28]/C is not reached by a timing clock
Related violations: <none>

TIMING-17#217 Warning
Non-clocked sequential cell  
The clock pin U_SCCPU/U_RF/rf_reg[13][29]/C is not reached by a timing clock
Related violations: <none>

TIMING-17#218 Warning
Non-clocked sequential cell  
The clock pin U_SCCPU/U_RF/rf_reg[13][2]/C is not reached by a timing clock
Related violations: <none>

TIMING-17#219 Warning
Non-clocked sequential cell  
The clock pin U_SCCPU/U_RF/rf_reg[13][30]/C is not reached by a timing clock
Related violations: <none>

TIMING-17#220 Warning
Non-clocked sequential cell  
The clock pin U_SCCPU/U_RF/rf_reg[13][31]/C is not reached by a timing clock
Related violations: <none>

TIMING-17#221 Warning
Non-clocked sequential cell  
The clock pin U_SCCPU/U_RF/rf_reg[13][3]/C is not reached by a timing clock
Related violations: <none>

TIMING-17#222 Warning
Non-clocked sequential cell  
The clock pin U_SCCPU/U_RF/rf_reg[13][4]/C is not reached by a timing clock
Related violations: <none>

TIMING-17#223 Warning
Non-clocked sequential cell  
The clock pin U_SCCPU/U_RF/rf_reg[13][5]/C is not reached by a timing clock
Related violations: <none>

TIMING-17#224 Warning
Non-clocked sequential cell  
The clock pin U_SCCPU/U_RF/rf_reg[13][6]/C is not reached by a timing clock
Related violations: <none>

TIMING-17#225 Warning
Non-clocked sequential cell  
The clock pin U_SCCPU/U_RF/rf_reg[13][7]/C is not reached by a timing clock
Related violations: <none>

TIMING-17#226 Warning
Non-clocked sequential cell  
The clock pin U_SCCPU/U_RF/rf_reg[13][8]/C is not reached by a timing clock
Related violations: <none>

TIMING-17#227 Warning
Non-clocked sequential cell  
The clock pin U_SCCPU/U_RF/rf_reg[13][9]/C is not reached by a timing clock
Related violations: <none>

TIMING-17#228 Warning
Non-clocked sequential cell  
The clock pin U_SCCPU/U_RF/rf_reg[14][0]/C is not reached by a timing clock
Related violations: <none>

TIMING-17#229 Warning
Non-clocked sequential cell  
The clock pin U_SCCPU/U_RF/rf_reg[14][10]/C is not reached by a timing clock
Related violations: <none>

TIMING-17#230 Warning
Non-clocked sequential cell  
The clock pin U_SCCPU/U_RF/rf_reg[14][11]/C is not reached by a timing clock
Related violations: <none>

TIMING-17#231 Warning
Non-clocked sequential cell  
The clock pin U_SCCPU/U_RF/rf_reg[14][12]/C is not reached by a timing clock
Related violations: <none>

TIMING-17#232 Warning
Non-clocked sequential cell  
The clock pin U_SCCPU/U_RF/rf_reg[14][13]/C is not reached by a timing clock
Related violations: <none>

TIMING-17#233 Warning
Non-clocked sequential cell  
The clock pin U_SCCPU/U_RF/rf_reg[14][14]/C is not reached by a timing clock
Related violations: <none>

TIMING-17#234 Warning
Non-clocked sequential cell  
The clock pin U_SCCPU/U_RF/rf_reg[14][15]/C is not reached by a timing clock
Related violations: <none>

TIMING-17#235 Warning
Non-clocked sequential cell  
The clock pin U_SCCPU/U_RF/rf_reg[14][16]/C is not reached by a timing clock
Related violations: <none>

TIMING-17#236 Warning
Non-clocked sequential cell  
The clock pin U_SCCPU/U_RF/rf_reg[14][17]/C is not reached by a timing clock
Related violations: <none>

TIMING-17#237 Warning
Non-clocked sequential cell  
The clock pin U_SCCPU/U_RF/rf_reg[14][18]/C is not reached by a timing clock
Related violations: <none>

TIMING-17#238 Warning
Non-clocked sequential cell  
The clock pin U_SCCPU/U_RF/rf_reg[14][19]/C is not reached by a timing clock
Related violations: <none>

TIMING-17#239 Warning
Non-clocked sequential cell  
The clock pin U_SCCPU/U_RF/rf_reg[14][1]/C is not reached by a timing clock
Related violations: <none>

TIMING-17#240 Warning
Non-clocked sequential cell  
The clock pin U_SCCPU/U_RF/rf_reg[14][20]/C is not reached by a timing clock
Related violations: <none>

TIMING-17#241 Warning
Non-clocked sequential cell  
The clock pin U_SCCPU/U_RF/rf_reg[14][21]/C is not reached by a timing clock
Related violations: <none>

TIMING-17#242 Warning
Non-clocked sequential cell  
The clock pin U_SCCPU/U_RF/rf_reg[14][22]/C is not reached by a timing clock
Related violations: <none>

TIMING-17#243 Warning
Non-clocked sequential cell  
The clock pin U_SCCPU/U_RF/rf_reg[14][23]/C is not reached by a timing clock
Related violations: <none>

TIMING-17#244 Warning
Non-clocked sequential cell  
The clock pin U_SCCPU/U_RF/rf_reg[14][24]/C is not reached by a timing clock
Related violations: <none>

TIMING-17#245 Warning
Non-clocked sequential cell  
The clock pin U_SCCPU/U_RF/rf_reg[14][25]/C is not reached by a timing clock
Related violations: <none>

TIMING-17#246 Warning
Non-clocked sequential cell  
The clock pin U_SCCPU/U_RF/rf_reg[14][26]/C is not reached by a timing clock
Related violations: <none>

TIMING-17#247 Warning
Non-clocked sequential cell  
The clock pin U_SCCPU/U_RF/rf_reg[14][27]/C is not reached by a timing clock
Related violations: <none>

TIMING-17#248 Warning
Non-clocked sequential cell  
The clock pin U_SCCPU/U_RF/rf_reg[14][28]/C is not reached by a timing clock
Related violations: <none>

TIMING-17#249 Warning
Non-clocked sequential cell  
The clock pin U_SCCPU/U_RF/rf_reg[14][29]/C is not reached by a timing clock
Related violations: <none>

TIMING-17#250 Warning
Non-clocked sequential cell  
The clock pin U_SCCPU/U_RF/rf_reg[14][2]/C is not reached by a timing clock
Related violations: <none>

TIMING-17#251 Warning
Non-clocked sequential cell  
The clock pin U_SCCPU/U_RF/rf_reg[14][30]/C is not reached by a timing clock
Related violations: <none>

TIMING-17#252 Warning
Non-clocked sequential cell  
The clock pin U_SCCPU/U_RF/rf_reg[14][31]/C is not reached by a timing clock
Related violations: <none>

TIMING-17#253 Warning
Non-clocked sequential cell  
The clock pin U_SCCPU/U_RF/rf_reg[14][3]/C is not reached by a timing clock
Related violations: <none>

TIMING-17#254 Warning
Non-clocked sequential cell  
The clock pin U_SCCPU/U_RF/rf_reg[14][4]/C is not reached by a timing clock
Related violations: <none>

TIMING-17#255 Warning
Non-clocked sequential cell  
The clock pin U_SCCPU/U_RF/rf_reg[14][5]/C is not reached by a timing clock
Related violations: <none>

TIMING-17#256 Warning
Non-clocked sequential cell  
The clock pin U_SCCPU/U_RF/rf_reg[14][6]/C is not reached by a timing clock
Related violations: <none>

TIMING-17#257 Warning
Non-clocked sequential cell  
The clock pin U_SCCPU/U_RF/rf_reg[14][7]/C is not reached by a timing clock
Related violations: <none>

TIMING-17#258 Warning
Non-clocked sequential cell  
The clock pin U_SCCPU/U_RF/rf_reg[14][8]/C is not reached by a timing clock
Related violations: <none>

TIMING-17#259 Warning
Non-clocked sequential cell  
The clock pin U_SCCPU/U_RF/rf_reg[14][9]/C is not reached by a timing clock
Related violations: <none>

TIMING-17#260 Warning
Non-clocked sequential cell  
The clock pin U_SCCPU/U_RF/rf_reg[15][0]/C is not reached by a timing clock
Related violations: <none>

TIMING-17#261 Warning
Non-clocked sequential cell  
The clock pin U_SCCPU/U_RF/rf_reg[15][10]/C is not reached by a timing clock
Related violations: <none>

TIMING-17#262 Warning
Non-clocked sequential cell  
The clock pin U_SCCPU/U_RF/rf_reg[15][11]/C is not reached by a timing clock
Related violations: <none>

TIMING-17#263 Warning
Non-clocked sequential cell  
The clock pin U_SCCPU/U_RF/rf_reg[15][12]/C is not reached by a timing clock
Related violations: <none>

TIMING-17#264 Warning
Non-clocked sequential cell  
The clock pin U_SCCPU/U_RF/rf_reg[15][13]/C is not reached by a timing clock
Related violations: <none>

TIMING-17#265 Warning
Non-clocked sequential cell  
The clock pin U_SCCPU/U_RF/rf_reg[15][14]/C is not reached by a timing clock
Related violations: <none>

TIMING-17#266 Warning
Non-clocked sequential cell  
The clock pin U_SCCPU/U_RF/rf_reg[15][15]/C is not reached by a timing clock
Related violations: <none>

TIMING-17#267 Warning
Non-clocked sequential cell  
The clock pin U_SCCPU/U_RF/rf_reg[15][16]/C is not reached by a timing clock
Related violations: <none>

TIMING-17#268 Warning
Non-clocked sequential cell  
The clock pin U_SCCPU/U_RF/rf_reg[15][17]/C is not reached by a timing clock
Related violations: <none>

TIMING-17#269 Warning
Non-clocked sequential cell  
The clock pin U_SCCPU/U_RF/rf_reg[15][18]/C is not reached by a timing clock
Related violations: <none>

TIMING-17#270 Warning
Non-clocked sequential cell  
The clock pin U_SCCPU/U_RF/rf_reg[15][19]/C is not reached by a timing clock
Related violations: <none>

TIMING-17#271 Warning
Non-clocked sequential cell  
The clock pin U_SCCPU/U_RF/rf_reg[15][1]/C is not reached by a timing clock
Related violations: <none>

TIMING-17#272 Warning
Non-clocked sequential cell  
The clock pin U_SCCPU/U_RF/rf_reg[15][20]/C is not reached by a timing clock
Related violations: <none>

TIMING-17#273 Warning
Non-clocked sequential cell  
The clock pin U_SCCPU/U_RF/rf_reg[15][21]/C is not reached by a timing clock
Related violations: <none>

TIMING-17#274 Warning
Non-clocked sequential cell  
The clock pin U_SCCPU/U_RF/rf_reg[15][22]/C is not reached by a timing clock
Related violations: <none>

TIMING-17#275 Warning
Non-clocked sequential cell  
The clock pin U_SCCPU/U_RF/rf_reg[15][23]/C is not reached by a timing clock
Related violations: <none>

TIMING-17#276 Warning
Non-clocked sequential cell  
The clock pin U_SCCPU/U_RF/rf_reg[15][24]/C is not reached by a timing clock
Related violations: <none>

TIMING-17#277 Warning
Non-clocked sequential cell  
The clock pin U_SCCPU/U_RF/rf_reg[15][25]/C is not reached by a timing clock
Related violations: <none>

TIMING-17#278 Warning
Non-clocked sequential cell  
The clock pin U_SCCPU/U_RF/rf_reg[15][26]/C is not reached by a timing clock
Related violations: <none>

TIMING-17#279 Warning
Non-clocked sequential cell  
The clock pin U_SCCPU/U_RF/rf_reg[15][27]/C is not reached by a timing clock
Related violations: <none>

TIMING-17#280 Warning
Non-clocked sequential cell  
The clock pin U_SCCPU/U_RF/rf_reg[15][28]/C is not reached by a timing clock
Related violations: <none>

TIMING-17#281 Warning
Non-clocked sequential cell  
The clock pin U_SCCPU/U_RF/rf_reg[15][29]/C is not reached by a timing clock
Related violations: <none>

TIMING-17#282 Warning
Non-clocked sequential cell  
The clock pin U_SCCPU/U_RF/rf_reg[15][2]/C is not reached by a timing clock
Related violations: <none>

TIMING-17#283 Warning
Non-clocked sequential cell  
The clock pin U_SCCPU/U_RF/rf_reg[15][30]/C is not reached by a timing clock
Related violations: <none>

TIMING-17#284 Warning
Non-clocked sequential cell  
The clock pin U_SCCPU/U_RF/rf_reg[15][31]/C is not reached by a timing clock
Related violations: <none>

TIMING-17#285 Warning
Non-clocked sequential cell  
The clock pin U_SCCPU/U_RF/rf_reg[15][3]/C is not reached by a timing clock
Related violations: <none>

TIMING-17#286 Warning
Non-clocked sequential cell  
The clock pin U_SCCPU/U_RF/rf_reg[15][4]/C is not reached by a timing clock
Related violations: <none>

TIMING-17#287 Warning
Non-clocked sequential cell  
The clock pin U_SCCPU/U_RF/rf_reg[15][5]/C is not reached by a timing clock
Related violations: <none>

TIMING-17#288 Warning
Non-clocked sequential cell  
The clock pin U_SCCPU/U_RF/rf_reg[15][6]/C is not reached by a timing clock
Related violations: <none>

TIMING-17#289 Warning
Non-clocked sequential cell  
The clock pin U_SCCPU/U_RF/rf_reg[15][7]/C is not reached by a timing clock
Related violations: <none>

TIMING-17#290 Warning
Non-clocked sequential cell  
The clock pin U_SCCPU/U_RF/rf_reg[15][8]/C is not reached by a timing clock
Related violations: <none>

TIMING-17#291 Warning
Non-clocked sequential cell  
The clock pin U_SCCPU/U_RF/rf_reg[15][9]/C is not reached by a timing clock
Related violations: <none>

TIMING-17#292 Warning
Non-clocked sequential cell  
The clock pin U_SCCPU/U_RF/rf_reg[1][0]/C is not reached by a timing clock
Related violations: <none>

TIMING-17#293 Warning
Non-clocked sequential cell  
The clock pin U_SCCPU/U_RF/rf_reg[1][10]/C is not reached by a timing clock
Related violations: <none>

TIMING-17#294 Warning
Non-clocked sequential cell  
The clock pin U_SCCPU/U_RF/rf_reg[1][11]/C is not reached by a timing clock
Related violations: <none>

TIMING-17#295 Warning
Non-clocked sequential cell  
The clock pin U_SCCPU/U_RF/rf_reg[1][12]/C is not reached by a timing clock
Related violations: <none>

TIMING-17#296 Warning
Non-clocked sequential cell  
The clock pin U_SCCPU/U_RF/rf_reg[1][13]/C is not reached by a timing clock
Related violations: <none>

TIMING-17#297 Warning
Non-clocked sequential cell  
The clock pin U_SCCPU/U_RF/rf_reg[1][14]/C is not reached by a timing clock
Related violations: <none>

TIMING-17#298 Warning
Non-clocked sequential cell  
The clock pin U_SCCPU/U_RF/rf_reg[1][15]/C is not reached by a timing clock
Related violations: <none>

TIMING-17#299 Warning
Non-clocked sequential cell  
The clock pin U_SCCPU/U_RF/rf_reg[1][16]/C is not reached by a timing clock
Related violations: <none>

TIMING-17#300 Warning
Non-clocked sequential cell  
The clock pin U_SCCPU/U_RF/rf_reg[1][17]/C is not reached by a timing clock
Related violations: <none>

TIMING-17#301 Warning
Non-clocked sequential cell  
The clock pin U_SCCPU/U_RF/rf_reg[1][18]/C is not reached by a timing clock
Related violations: <none>

TIMING-17#302 Warning
Non-clocked sequential cell  
The clock pin U_SCCPU/U_RF/rf_reg[1][19]/C is not reached by a timing clock
Related violations: <none>

TIMING-17#303 Warning
Non-clocked sequential cell  
The clock pin U_SCCPU/U_RF/rf_reg[1][1]/C is not reached by a timing clock
Related violations: <none>

TIMING-17#304 Warning
Non-clocked sequential cell  
The clock pin U_SCCPU/U_RF/rf_reg[1][20]/C is not reached by a timing clock
Related violations: <none>

TIMING-17#305 Warning
Non-clocked sequential cell  
The clock pin U_SCCPU/U_RF/rf_reg[1][21]/C is not reached by a timing clock
Related violations: <none>

TIMING-17#306 Warning
Non-clocked sequential cell  
The clock pin U_SCCPU/U_RF/rf_reg[1][22]/C is not reached by a timing clock
Related violations: <none>

TIMING-17#307 Warning
Non-clocked sequential cell  
The clock pin U_SCCPU/U_RF/rf_reg[1][23]/C is not reached by a timing clock
Related violations: <none>

TIMING-17#308 Warning
Non-clocked sequential cell  
The clock pin U_SCCPU/U_RF/rf_reg[1][24]/C is not reached by a timing clock
Related violations: <none>

TIMING-17#309 Warning
Non-clocked sequential cell  
The clock pin U_SCCPU/U_RF/rf_reg[1][25]/C is not reached by a timing clock
Related violations: <none>

TIMING-17#310 Warning
Non-clocked sequential cell  
The clock pin U_SCCPU/U_RF/rf_reg[1][26]/C is not reached by a timing clock
Related violations: <none>

TIMING-17#311 Warning
Non-clocked sequential cell  
The clock pin U_SCCPU/U_RF/rf_reg[1][27]/C is not reached by a timing clock
Related violations: <none>

TIMING-17#312 Warning
Non-clocked sequential cell  
The clock pin U_SCCPU/U_RF/rf_reg[1][28]/C is not reached by a timing clock
Related violations: <none>

TIMING-17#313 Warning
Non-clocked sequential cell  
The clock pin U_SCCPU/U_RF/rf_reg[1][29]/C is not reached by a timing clock
Related violations: <none>

TIMING-17#314 Warning
Non-clocked sequential cell  
The clock pin U_SCCPU/U_RF/rf_reg[1][2]/C is not reached by a timing clock
Related violations: <none>

TIMING-17#315 Warning
Non-clocked sequential cell  
The clock pin U_SCCPU/U_RF/rf_reg[1][30]/C is not reached by a timing clock
Related violations: <none>

TIMING-17#316 Warning
Non-clocked sequential cell  
The clock pin U_SCCPU/U_RF/rf_reg[1][31]/C is not reached by a timing clock
Related violations: <none>

TIMING-17#317 Warning
Non-clocked sequential cell  
The clock pin U_SCCPU/U_RF/rf_reg[1][3]/C is not reached by a timing clock
Related violations: <none>

TIMING-17#318 Warning
Non-clocked sequential cell  
The clock pin U_SCCPU/U_RF/rf_reg[1][4]/C is not reached by a timing clock
Related violations: <none>

TIMING-17#319 Warning
Non-clocked sequential cell  
The clock pin U_SCCPU/U_RF/rf_reg[1][5]/C is not reached by a timing clock
Related violations: <none>

TIMING-17#320 Warning
Non-clocked sequential cell  
The clock pin U_SCCPU/U_RF/rf_reg[1][6]/C is not reached by a timing clock
Related violations: <none>

TIMING-17#321 Warning
Non-clocked sequential cell  
The clock pin U_SCCPU/U_RF/rf_reg[1][7]/C is not reached by a timing clock
Related violations: <none>

TIMING-17#322 Warning
Non-clocked sequential cell  
The clock pin U_SCCPU/U_RF/rf_reg[1][8]/C is not reached by a timing clock
Related violations: <none>

TIMING-17#323 Warning
Non-clocked sequential cell  
The clock pin U_SCCPU/U_RF/rf_reg[1][9]/C is not reached by a timing clock
Related violations: <none>

TIMING-17#324 Warning
Non-clocked sequential cell  
The clock pin U_SCCPU/U_RF/rf_reg[2][0]/C is not reached by a timing clock
Related violations: <none>

TIMING-17#325 Warning
Non-clocked sequential cell  
The clock pin U_SCCPU/U_RF/rf_reg[2][10]/C is not reached by a timing clock
Related violations: <none>

TIMING-17#326 Warning
Non-clocked sequential cell  
The clock pin U_SCCPU/U_RF/rf_reg[2][11]/C is not reached by a timing clock
Related violations: <none>

TIMING-17#327 Warning
Non-clocked sequential cell  
The clock pin U_SCCPU/U_RF/rf_reg[2][12]/C is not reached by a timing clock
Related violations: <none>

TIMING-17#328 Warning
Non-clocked sequential cell  
The clock pin U_SCCPU/U_RF/rf_reg[2][13]/C is not reached by a timing clock
Related violations: <none>

TIMING-17#329 Warning
Non-clocked sequential cell  
The clock pin U_SCCPU/U_RF/rf_reg[2][14]/C is not reached by a timing clock
Related violations: <none>

TIMING-17#330 Warning
Non-clocked sequential cell  
The clock pin U_SCCPU/U_RF/rf_reg[2][15]/C is not reached by a timing clock
Related violations: <none>

TIMING-17#331 Warning
Non-clocked sequential cell  
The clock pin U_SCCPU/U_RF/rf_reg[2][16]/C is not reached by a timing clock
Related violations: <none>

TIMING-17#332 Warning
Non-clocked sequential cell  
The clock pin U_SCCPU/U_RF/rf_reg[2][17]/C is not reached by a timing clock
Related violations: <none>

TIMING-17#333 Warning
Non-clocked sequential cell  
The clock pin U_SCCPU/U_RF/rf_reg[2][18]/C is not reached by a timing clock
Related violations: <none>

TIMING-17#334 Warning
Non-clocked sequential cell  
The clock pin U_SCCPU/U_RF/rf_reg[2][19]/C is not reached by a timing clock
Related violations: <none>

TIMING-17#335 Warning
Non-clocked sequential cell  
The clock pin U_SCCPU/U_RF/rf_reg[2][1]/C is not reached by a timing clock
Related violations: <none>

TIMING-17#336 Warning
Non-clocked sequential cell  
The clock pin U_SCCPU/U_RF/rf_reg[2][20]/C is not reached by a timing clock
Related violations: <none>

TIMING-17#337 Warning
Non-clocked sequential cell  
The clock pin U_SCCPU/U_RF/rf_reg[2][21]/C is not reached by a timing clock
Related violations: <none>

TIMING-17#338 Warning
Non-clocked sequential cell  
The clock pin U_SCCPU/U_RF/rf_reg[2][22]/C is not reached by a timing clock
Related violations: <none>

TIMING-17#339 Warning
Non-clocked sequential cell  
The clock pin U_SCCPU/U_RF/rf_reg[2][23]/C is not reached by a timing clock
Related violations: <none>

TIMING-17#340 Warning
Non-clocked sequential cell  
The clock pin U_SCCPU/U_RF/rf_reg[2][24]/C is not reached by a timing clock
Related violations: <none>

TIMING-17#341 Warning
Non-clocked sequential cell  
The clock pin U_SCCPU/U_RF/rf_reg[2][25]/C is not reached by a timing clock
Related violations: <none>

TIMING-17#342 Warning
Non-clocked sequential cell  
The clock pin U_SCCPU/U_RF/rf_reg[2][26]/C is not reached by a timing clock
Related violations: <none>

TIMING-17#343 Warning
Non-clocked sequential cell  
The clock pin U_SCCPU/U_RF/rf_reg[2][27]/C is not reached by a timing clock
Related violations: <none>

TIMING-17#344 Warning
Non-clocked sequential cell  
The clock pin U_SCCPU/U_RF/rf_reg[2][28]/C is not reached by a timing clock
Related violations: <none>

TIMING-17#345 Warning
Non-clocked sequential cell  
The clock pin U_SCCPU/U_RF/rf_reg[2][29]/C is not reached by a timing clock
Related violations: <none>

TIMING-17#346 Warning
Non-clocked sequential cell  
The clock pin U_SCCPU/U_RF/rf_reg[2][2]/C is not reached by a timing clock
Related violations: <none>

TIMING-17#347 Warning
Non-clocked sequential cell  
The clock pin U_SCCPU/U_RF/rf_reg[2][30]/C is not reached by a timing clock
Related violations: <none>

TIMING-17#348 Warning
Non-clocked sequential cell  
The clock pin U_SCCPU/U_RF/rf_reg[2][31]/C is not reached by a timing clock
Related violations: <none>

TIMING-17#349 Warning
Non-clocked sequential cell  
The clock pin U_SCCPU/U_RF/rf_reg[2][3]/C is not reached by a timing clock
Related violations: <none>

TIMING-17#350 Warning
Non-clocked sequential cell  
The clock pin U_SCCPU/U_RF/rf_reg[2][4]/C is not reached by a timing clock
Related violations: <none>

TIMING-17#351 Warning
Non-clocked sequential cell  
The clock pin U_SCCPU/U_RF/rf_reg[2][5]/C is not reached by a timing clock
Related violations: <none>

TIMING-17#352 Warning
Non-clocked sequential cell  
The clock pin U_SCCPU/U_RF/rf_reg[2][6]/C is not reached by a timing clock
Related violations: <none>

TIMING-17#353 Warning
Non-clocked sequential cell  
The clock pin U_SCCPU/U_RF/rf_reg[2][7]/C is not reached by a timing clock
Related violations: <none>

TIMING-17#354 Warning
Non-clocked sequential cell  
The clock pin U_SCCPU/U_RF/rf_reg[2][8]/C is not reached by a timing clock
Related violations: <none>

TIMING-17#355 Warning
Non-clocked sequential cell  
The clock pin U_SCCPU/U_RF/rf_reg[2][9]/C is not reached by a timing clock
Related violations: <none>

TIMING-17#356 Warning
Non-clocked sequential cell  
The clock pin U_SCCPU/U_RF/rf_reg[3][0]/C is not reached by a timing clock
Related violations: <none>

TIMING-17#357 Warning
Non-clocked sequential cell  
The clock pin U_SCCPU/U_RF/rf_reg[3][10]/C is not reached by a timing clock
Related violations: <none>

TIMING-17#358 Warning
Non-clocked sequential cell  
The clock pin U_SCCPU/U_RF/rf_reg[3][11]/C is not reached by a timing clock
Related violations: <none>

TIMING-17#359 Warning
Non-clocked sequential cell  
The clock pin U_SCCPU/U_RF/rf_reg[3][12]/C is not reached by a timing clock
Related violations: <none>

TIMING-17#360 Warning
Non-clocked sequential cell  
The clock pin U_SCCPU/U_RF/rf_reg[3][13]/C is not reached by a timing clock
Related violations: <none>

TIMING-17#361 Warning
Non-clocked sequential cell  
The clock pin U_SCCPU/U_RF/rf_reg[3][14]/C is not reached by a timing clock
Related violations: <none>

TIMING-17#362 Warning
Non-clocked sequential cell  
The clock pin U_SCCPU/U_RF/rf_reg[3][15]/C is not reached by a timing clock
Related violations: <none>

TIMING-17#363 Warning
Non-clocked sequential cell  
The clock pin U_SCCPU/U_RF/rf_reg[3][16]/C is not reached by a timing clock
Related violations: <none>

TIMING-17#364 Warning
Non-clocked sequential cell  
The clock pin U_SCCPU/U_RF/rf_reg[3][17]/C is not reached by a timing clock
Related violations: <none>

TIMING-17#365 Warning
Non-clocked sequential cell  
The clock pin U_SCCPU/U_RF/rf_reg[3][18]/C is not reached by a timing clock
Related violations: <none>

TIMING-17#366 Warning
Non-clocked sequential cell  
The clock pin U_SCCPU/U_RF/rf_reg[3][19]/C is not reached by a timing clock
Related violations: <none>

TIMING-17#367 Warning
Non-clocked sequential cell  
The clock pin U_SCCPU/U_RF/rf_reg[3][1]/C is not reached by a timing clock
Related violations: <none>

TIMING-17#368 Warning
Non-clocked sequential cell  
The clock pin U_SCCPU/U_RF/rf_reg[3][20]/C is not reached by a timing clock
Related violations: <none>

TIMING-17#369 Warning
Non-clocked sequential cell  
The clock pin U_SCCPU/U_RF/rf_reg[3][21]/C is not reached by a timing clock
Related violations: <none>

TIMING-17#370 Warning
Non-clocked sequential cell  
The clock pin U_SCCPU/U_RF/rf_reg[3][22]/C is not reached by a timing clock
Related violations: <none>

TIMING-17#371 Warning
Non-clocked sequential cell  
The clock pin U_SCCPU/U_RF/rf_reg[3][23]/C is not reached by a timing clock
Related violations: <none>

TIMING-17#372 Warning
Non-clocked sequential cell  
The clock pin U_SCCPU/U_RF/rf_reg[3][24]/C is not reached by a timing clock
Related violations: <none>

TIMING-17#373 Warning
Non-clocked sequential cell  
The clock pin U_SCCPU/U_RF/rf_reg[3][25]/C is not reached by a timing clock
Related violations: <none>

TIMING-17#374 Warning
Non-clocked sequential cell  
The clock pin U_SCCPU/U_RF/rf_reg[3][26]/C is not reached by a timing clock
Related violations: <none>

TIMING-17#375 Warning
Non-clocked sequential cell  
The clock pin U_SCCPU/U_RF/rf_reg[3][27]/C is not reached by a timing clock
Related violations: <none>

TIMING-17#376 Warning
Non-clocked sequential cell  
The clock pin U_SCCPU/U_RF/rf_reg[3][28]/C is not reached by a timing clock
Related violations: <none>

TIMING-17#377 Warning
Non-clocked sequential cell  
The clock pin U_SCCPU/U_RF/rf_reg[3][29]/C is not reached by a timing clock
Related violations: <none>

TIMING-17#378 Warning
Non-clocked sequential cell  
The clock pin U_SCCPU/U_RF/rf_reg[3][2]/C is not reached by a timing clock
Related violations: <none>

TIMING-17#379 Warning
Non-clocked sequential cell  
The clock pin U_SCCPU/U_RF/rf_reg[3][30]/C is not reached by a timing clock
Related violations: <none>

TIMING-17#380 Warning
Non-clocked sequential cell  
The clock pin U_SCCPU/U_RF/rf_reg[3][31]/C is not reached by a timing clock
Related violations: <none>

TIMING-17#381 Warning
Non-clocked sequential cell  
The clock pin U_SCCPU/U_RF/rf_reg[3][3]/C is not reached by a timing clock
Related violations: <none>

TIMING-17#382 Warning
Non-clocked sequential cell  
The clock pin U_SCCPU/U_RF/rf_reg[3][4]/C is not reached by a timing clock
Related violations: <none>

TIMING-17#383 Warning
Non-clocked sequential cell  
The clock pin U_SCCPU/U_RF/rf_reg[3][5]/C is not reached by a timing clock
Related violations: <none>

TIMING-17#384 Warning
Non-clocked sequential cell  
The clock pin U_SCCPU/U_RF/rf_reg[3][6]/C is not reached by a timing clock
Related violations: <none>

TIMING-17#385 Warning
Non-clocked sequential cell  
The clock pin U_SCCPU/U_RF/rf_reg[3][7]/C is not reached by a timing clock
Related violations: <none>

TIMING-17#386 Warning
Non-clocked sequential cell  
The clock pin U_SCCPU/U_RF/rf_reg[3][8]/C is not reached by a timing clock
Related violations: <none>

TIMING-17#387 Warning
Non-clocked sequential cell  
The clock pin U_SCCPU/U_RF/rf_reg[3][9]/C is not reached by a timing clock
Related violations: <none>

TIMING-17#388 Warning
Non-clocked sequential cell  
The clock pin U_SCCPU/U_RF/rf_reg[4][0]/C is not reached by a timing clock
Related violations: <none>

TIMING-17#389 Warning
Non-clocked sequential cell  
The clock pin U_SCCPU/U_RF/rf_reg[4][10]/C is not reached by a timing clock
Related violations: <none>

TIMING-17#390 Warning
Non-clocked sequential cell  
The clock pin U_SCCPU/U_RF/rf_reg[4][11]/C is not reached by a timing clock
Related violations: <none>

TIMING-17#391 Warning
Non-clocked sequential cell  
The clock pin U_SCCPU/U_RF/rf_reg[4][12]/C is not reached by a timing clock
Related violations: <none>

TIMING-17#392 Warning
Non-clocked sequential cell  
The clock pin U_SCCPU/U_RF/rf_reg[4][13]/C is not reached by a timing clock
Related violations: <none>

TIMING-17#393 Warning
Non-clocked sequential cell  
The clock pin U_SCCPU/U_RF/rf_reg[4][14]/C is not reached by a timing clock
Related violations: <none>

TIMING-17#394 Warning
Non-clocked sequential cell  
The clock pin U_SCCPU/U_RF/rf_reg[4][15]/C is not reached by a timing clock
Related violations: <none>

TIMING-17#395 Warning
Non-clocked sequential cell  
The clock pin U_SCCPU/U_RF/rf_reg[4][16]/C is not reached by a timing clock
Related violations: <none>

TIMING-17#396 Warning
Non-clocked sequential cell  
The clock pin U_SCCPU/U_RF/rf_reg[4][17]/C is not reached by a timing clock
Related violations: <none>

TIMING-17#397 Warning
Non-clocked sequential cell  
The clock pin U_SCCPU/U_RF/rf_reg[4][18]/C is not reached by a timing clock
Related violations: <none>

TIMING-17#398 Warning
Non-clocked sequential cell  
The clock pin U_SCCPU/U_RF/rf_reg[4][19]/C is not reached by a timing clock
Related violations: <none>

TIMING-17#399 Warning
Non-clocked sequential cell  
The clock pin U_SCCPU/U_RF/rf_reg[4][1]/C is not reached by a timing clock
Related violations: <none>

TIMING-17#400 Warning
Non-clocked sequential cell  
The clock pin U_SCCPU/U_RF/rf_reg[4][20]/C is not reached by a timing clock
Related violations: <none>

TIMING-17#401 Warning
Non-clocked sequential cell  
The clock pin U_SCCPU/U_RF/rf_reg[4][21]/C is not reached by a timing clock
Related violations: <none>

TIMING-17#402 Warning
Non-clocked sequential cell  
The clock pin U_SCCPU/U_RF/rf_reg[4][22]/C is not reached by a timing clock
Related violations: <none>

TIMING-17#403 Warning
Non-clocked sequential cell  
The clock pin U_SCCPU/U_RF/rf_reg[4][23]/C is not reached by a timing clock
Related violations: <none>

TIMING-17#404 Warning
Non-clocked sequential cell  
The clock pin U_SCCPU/U_RF/rf_reg[4][24]/C is not reached by a timing clock
Related violations: <none>

TIMING-17#405 Warning
Non-clocked sequential cell  
The clock pin U_SCCPU/U_RF/rf_reg[4][25]/C is not reached by a timing clock
Related violations: <none>

TIMING-17#406 Warning
Non-clocked sequential cell  
The clock pin U_SCCPU/U_RF/rf_reg[4][26]/C is not reached by a timing clock
Related violations: <none>

TIMING-17#407 Warning
Non-clocked sequential cell  
The clock pin U_SCCPU/U_RF/rf_reg[4][27]/C is not reached by a timing clock
Related violations: <none>

TIMING-17#408 Warning
Non-clocked sequential cell  
The clock pin U_SCCPU/U_RF/rf_reg[4][28]/C is not reached by a timing clock
Related violations: <none>

TIMING-17#409 Warning
Non-clocked sequential cell  
The clock pin U_SCCPU/U_RF/rf_reg[4][29]/C is not reached by a timing clock
Related violations: <none>

TIMING-17#410 Warning
Non-clocked sequential cell  
The clock pin U_SCCPU/U_RF/rf_reg[4][2]/C is not reached by a timing clock
Related violations: <none>

TIMING-17#411 Warning
Non-clocked sequential cell  
The clock pin U_SCCPU/U_RF/rf_reg[4][30]/C is not reached by a timing clock
Related violations: <none>

TIMING-17#412 Warning
Non-clocked sequential cell  
The clock pin U_SCCPU/U_RF/rf_reg[4][31]/C is not reached by a timing clock
Related violations: <none>

TIMING-17#413 Warning
Non-clocked sequential cell  
The clock pin U_SCCPU/U_RF/rf_reg[4][3]/C is not reached by a timing clock
Related violations: <none>

TIMING-17#414 Warning
Non-clocked sequential cell  
The clock pin U_SCCPU/U_RF/rf_reg[4][4]/C is not reached by a timing clock
Related violations: <none>

TIMING-17#415 Warning
Non-clocked sequential cell  
The clock pin U_SCCPU/U_RF/rf_reg[4][5]/C is not reached by a timing clock
Related violations: <none>

TIMING-17#416 Warning
Non-clocked sequential cell  
The clock pin U_SCCPU/U_RF/rf_reg[4][6]/C is not reached by a timing clock
Related violations: <none>

TIMING-17#417 Warning
Non-clocked sequential cell  
The clock pin U_SCCPU/U_RF/rf_reg[4][7]/C is not reached by a timing clock
Related violations: <none>

TIMING-17#418 Warning
Non-clocked sequential cell  
The clock pin U_SCCPU/U_RF/rf_reg[4][8]/C is not reached by a timing clock
Related violations: <none>

TIMING-17#419 Warning
Non-clocked sequential cell  
The clock pin U_SCCPU/U_RF/rf_reg[4][9]/C is not reached by a timing clock
Related violations: <none>

TIMING-17#420 Warning
Non-clocked sequential cell  
The clock pin U_SCCPU/U_RF/rf_reg[5][0]/C is not reached by a timing clock
Related violations: <none>

TIMING-17#421 Warning
Non-clocked sequential cell  
The clock pin U_SCCPU/U_RF/rf_reg[5][10]/C is not reached by a timing clock
Related violations: <none>

TIMING-17#422 Warning
Non-clocked sequential cell  
The clock pin U_SCCPU/U_RF/rf_reg[5][11]/C is not reached by a timing clock
Related violations: <none>

TIMING-17#423 Warning
Non-clocked sequential cell  
The clock pin U_SCCPU/U_RF/rf_reg[5][12]/C is not reached by a timing clock
Related violations: <none>

TIMING-17#424 Warning
Non-clocked sequential cell  
The clock pin U_SCCPU/U_RF/rf_reg[5][13]/C is not reached by a timing clock
Related violations: <none>

TIMING-17#425 Warning
Non-clocked sequential cell  
The clock pin U_SCCPU/U_RF/rf_reg[5][14]/C is not reached by a timing clock
Related violations: <none>

TIMING-17#426 Warning
Non-clocked sequential cell  
The clock pin U_SCCPU/U_RF/rf_reg[5][15]/C is not reached by a timing clock
Related violations: <none>

TIMING-17#427 Warning
Non-clocked sequential cell  
The clock pin U_SCCPU/U_RF/rf_reg[5][16]/C is not reached by a timing clock
Related violations: <none>

TIMING-17#428 Warning
Non-clocked sequential cell  
The clock pin U_SCCPU/U_RF/rf_reg[5][17]/C is not reached by a timing clock
Related violations: <none>

TIMING-17#429 Warning
Non-clocked sequential cell  
The clock pin U_SCCPU/U_RF/rf_reg[5][18]/C is not reached by a timing clock
Related violations: <none>

TIMING-17#430 Warning
Non-clocked sequential cell  
The clock pin U_SCCPU/U_RF/rf_reg[5][19]/C is not reached by a timing clock
Related violations: <none>

TIMING-17#431 Warning
Non-clocked sequential cell  
The clock pin U_SCCPU/U_RF/rf_reg[5][1]/C is not reached by a timing clock
Related violations: <none>

TIMING-17#432 Warning
Non-clocked sequential cell  
The clock pin U_SCCPU/U_RF/rf_reg[5][20]/C is not reached by a timing clock
Related violations: <none>

TIMING-17#433 Warning
Non-clocked sequential cell  
The clock pin U_SCCPU/U_RF/rf_reg[5][21]/C is not reached by a timing clock
Related violations: <none>

TIMING-17#434 Warning
Non-clocked sequential cell  
The clock pin U_SCCPU/U_RF/rf_reg[5][22]/C is not reached by a timing clock
Related violations: <none>

TIMING-17#435 Warning
Non-clocked sequential cell  
The clock pin U_SCCPU/U_RF/rf_reg[5][23]/C is not reached by a timing clock
Related violations: <none>

TIMING-17#436 Warning
Non-clocked sequential cell  
The clock pin U_SCCPU/U_RF/rf_reg[5][24]/C is not reached by a timing clock
Related violations: <none>

TIMING-17#437 Warning
Non-clocked sequential cell  
The clock pin U_SCCPU/U_RF/rf_reg[5][25]/C is not reached by a timing clock
Related violations: <none>

TIMING-17#438 Warning
Non-clocked sequential cell  
The clock pin U_SCCPU/U_RF/rf_reg[5][26]/C is not reached by a timing clock
Related violations: <none>

TIMING-17#439 Warning
Non-clocked sequential cell  
The clock pin U_SCCPU/U_RF/rf_reg[5][27]/C is not reached by a timing clock
Related violations: <none>

TIMING-17#440 Warning
Non-clocked sequential cell  
The clock pin U_SCCPU/U_RF/rf_reg[5][28]/C is not reached by a timing clock
Related violations: <none>

TIMING-17#441 Warning
Non-clocked sequential cell  
The clock pin U_SCCPU/U_RF/rf_reg[5][29]/C is not reached by a timing clock
Related violations: <none>

TIMING-17#442 Warning
Non-clocked sequential cell  
The clock pin U_SCCPU/U_RF/rf_reg[5][2]/C is not reached by a timing clock
Related violations: <none>

TIMING-17#443 Warning
Non-clocked sequential cell  
The clock pin U_SCCPU/U_RF/rf_reg[5][30]/C is not reached by a timing clock
Related violations: <none>

TIMING-17#444 Warning
Non-clocked sequential cell  
The clock pin U_SCCPU/U_RF/rf_reg[5][31]/C is not reached by a timing clock
Related violations: <none>

TIMING-17#445 Warning
Non-clocked sequential cell  
The clock pin U_SCCPU/U_RF/rf_reg[5][3]/C is not reached by a timing clock
Related violations: <none>

TIMING-17#446 Warning
Non-clocked sequential cell  
The clock pin U_SCCPU/U_RF/rf_reg[5][4]/C is not reached by a timing clock
Related violations: <none>

TIMING-17#447 Warning
Non-clocked sequential cell  
The clock pin U_SCCPU/U_RF/rf_reg[5][5]/C is not reached by a timing clock
Related violations: <none>

TIMING-17#448 Warning
Non-clocked sequential cell  
The clock pin U_SCCPU/U_RF/rf_reg[5][6]/C is not reached by a timing clock
Related violations: <none>

TIMING-17#449 Warning
Non-clocked sequential cell  
The clock pin U_SCCPU/U_RF/rf_reg[5][7]/C is not reached by a timing clock
Related violations: <none>

TIMING-17#450 Warning
Non-clocked sequential cell  
The clock pin U_SCCPU/U_RF/rf_reg[5][8]/C is not reached by a timing clock
Related violations: <none>

TIMING-17#451 Warning
Non-clocked sequential cell  
The clock pin U_SCCPU/U_RF/rf_reg[5][9]/C is not reached by a timing clock
Related violations: <none>

TIMING-17#452 Warning
Non-clocked sequential cell  
The clock pin U_SCCPU/U_RF/rf_reg[6][0]/C is not reached by a timing clock
Related violations: <none>

TIMING-17#453 Warning
Non-clocked sequential cell  
The clock pin U_SCCPU/U_RF/rf_reg[6][10]/C is not reached by a timing clock
Related violations: <none>

TIMING-17#454 Warning
Non-clocked sequential cell  
The clock pin U_SCCPU/U_RF/rf_reg[6][11]/C is not reached by a timing clock
Related violations: <none>

TIMING-17#455 Warning
Non-clocked sequential cell  
The clock pin U_SCCPU/U_RF/rf_reg[6][12]/C is not reached by a timing clock
Related violations: <none>

TIMING-17#456 Warning
Non-clocked sequential cell  
The clock pin U_SCCPU/U_RF/rf_reg[6][13]/C is not reached by a timing clock
Related violations: <none>

TIMING-17#457 Warning
Non-clocked sequential cell  
The clock pin U_SCCPU/U_RF/rf_reg[6][14]/C is not reached by a timing clock
Related violations: <none>

TIMING-17#458 Warning
Non-clocked sequential cell  
The clock pin U_SCCPU/U_RF/rf_reg[6][15]/C is not reached by a timing clock
Related violations: <none>

TIMING-17#459 Warning
Non-clocked sequential cell  
The clock pin U_SCCPU/U_RF/rf_reg[6][16]/C is not reached by a timing clock
Related violations: <none>

TIMING-17#460 Warning
Non-clocked sequential cell  
The clock pin U_SCCPU/U_RF/rf_reg[6][17]/C is not reached by a timing clock
Related violations: <none>

TIMING-17#461 Warning
Non-clocked sequential cell  
The clock pin U_SCCPU/U_RF/rf_reg[6][18]/C is not reached by a timing clock
Related violations: <none>

TIMING-17#462 Warning
Non-clocked sequential cell  
The clock pin U_SCCPU/U_RF/rf_reg[6][19]/C is not reached by a timing clock
Related violations: <none>

TIMING-17#463 Warning
Non-clocked sequential cell  
The clock pin U_SCCPU/U_RF/rf_reg[6][1]/C is not reached by a timing clock
Related violations: <none>

TIMING-17#464 Warning
Non-clocked sequential cell  
The clock pin U_SCCPU/U_RF/rf_reg[6][20]/C is not reached by a timing clock
Related violations: <none>

TIMING-17#465 Warning
Non-clocked sequential cell  
The clock pin U_SCCPU/U_RF/rf_reg[6][21]/C is not reached by a timing clock
Related violations: <none>

TIMING-17#466 Warning
Non-clocked sequential cell  
The clock pin U_SCCPU/U_RF/rf_reg[6][22]/C is not reached by a timing clock
Related violations: <none>

TIMING-17#467 Warning
Non-clocked sequential cell  
The clock pin U_SCCPU/U_RF/rf_reg[6][23]/C is not reached by a timing clock
Related violations: <none>

TIMING-17#468 Warning
Non-clocked sequential cell  
The clock pin U_SCCPU/U_RF/rf_reg[6][24]/C is not reached by a timing clock
Related violations: <none>

TIMING-17#469 Warning
Non-clocked sequential cell  
The clock pin U_SCCPU/U_RF/rf_reg[6][25]/C is not reached by a timing clock
Related violations: <none>

TIMING-17#470 Warning
Non-clocked sequential cell  
The clock pin U_SCCPU/U_RF/rf_reg[6][26]/C is not reached by a timing clock
Related violations: <none>

TIMING-17#471 Warning
Non-clocked sequential cell  
The clock pin U_SCCPU/U_RF/rf_reg[6][27]/C is not reached by a timing clock
Related violations: <none>

TIMING-17#472 Warning
Non-clocked sequential cell  
The clock pin U_SCCPU/U_RF/rf_reg[6][28]/C is not reached by a timing clock
Related violations: <none>

TIMING-17#473 Warning
Non-clocked sequential cell  
The clock pin U_SCCPU/U_RF/rf_reg[6][29]/C is not reached by a timing clock
Related violations: <none>

TIMING-17#474 Warning
Non-clocked sequential cell  
The clock pin U_SCCPU/U_RF/rf_reg[6][2]/C is not reached by a timing clock
Related violations: <none>

TIMING-17#475 Warning
Non-clocked sequential cell  
The clock pin U_SCCPU/U_RF/rf_reg[6][30]/C is not reached by a timing clock
Related violations: <none>

TIMING-17#476 Warning
Non-clocked sequential cell  
The clock pin U_SCCPU/U_RF/rf_reg[6][31]/C is not reached by a timing clock
Related violations: <none>

TIMING-17#477 Warning
Non-clocked sequential cell  
The clock pin U_SCCPU/U_RF/rf_reg[6][3]/C is not reached by a timing clock
Related violations: <none>

TIMING-17#478 Warning
Non-clocked sequential cell  
The clock pin U_SCCPU/U_RF/rf_reg[6][4]/C is not reached by a timing clock
Related violations: <none>

TIMING-17#479 Warning
Non-clocked sequential cell  
The clock pin U_SCCPU/U_RF/rf_reg[6][5]/C is not reached by a timing clock
Related violations: <none>

TIMING-17#480 Warning
Non-clocked sequential cell  
The clock pin U_SCCPU/U_RF/rf_reg[6][6]/C is not reached by a timing clock
Related violations: <none>

TIMING-17#481 Warning
Non-clocked sequential cell  
The clock pin U_SCCPU/U_RF/rf_reg[6][7]/C is not reached by a timing clock
Related violations: <none>

TIMING-17#482 Warning
Non-clocked sequential cell  
The clock pin U_SCCPU/U_RF/rf_reg[6][8]/C is not reached by a timing clock
Related violations: <none>

TIMING-17#483 Warning
Non-clocked sequential cell  
The clock pin U_SCCPU/U_RF/rf_reg[6][9]/C is not reached by a timing clock
Related violations: <none>

TIMING-17#484 Warning
Non-clocked sequential cell  
The clock pin U_SCCPU/U_RF/rf_reg[7][0]/C is not reached by a timing clock
Related violations: <none>

TIMING-17#485 Warning
Non-clocked sequential cell  
The clock pin U_SCCPU/U_RF/rf_reg[7][10]/C is not reached by a timing clock
Related violations: <none>

TIMING-17#486 Warning
Non-clocked sequential cell  
The clock pin U_SCCPU/U_RF/rf_reg[7][11]/C is not reached by a timing clock
Related violations: <none>

TIMING-17#487 Warning
Non-clocked sequential cell  
The clock pin U_SCCPU/U_RF/rf_reg[7][12]/C is not reached by a timing clock
Related violations: <none>

TIMING-17#488 Warning
Non-clocked sequential cell  
The clock pin U_SCCPU/U_RF/rf_reg[7][13]/C is not reached by a timing clock
Related violations: <none>

TIMING-17#489 Warning
Non-clocked sequential cell  
The clock pin U_SCCPU/U_RF/rf_reg[7][14]/C is not reached by a timing clock
Related violations: <none>

TIMING-17#490 Warning
Non-clocked sequential cell  
The clock pin U_SCCPU/U_RF/rf_reg[7][15]/C is not reached by a timing clock
Related violations: <none>

TIMING-17#491 Warning
Non-clocked sequential cell  
The clock pin U_SCCPU/U_RF/rf_reg[7][16]/C is not reached by a timing clock
Related violations: <none>

TIMING-17#492 Warning
Non-clocked sequential cell  
The clock pin U_SCCPU/U_RF/rf_reg[7][17]/C is not reached by a timing clock
Related violations: <none>

TIMING-17#493 Warning
Non-clocked sequential cell  
The clock pin U_SCCPU/U_RF/rf_reg[7][18]/C is not reached by a timing clock
Related violations: <none>

TIMING-17#494 Warning
Non-clocked sequential cell  
The clock pin U_SCCPU/U_RF/rf_reg[7][19]/C is not reached by a timing clock
Related violations: <none>

TIMING-17#495 Warning
Non-clocked sequential cell  
The clock pin U_SCCPU/U_RF/rf_reg[7][1]/C is not reached by a timing clock
Related violations: <none>

TIMING-17#496 Warning
Non-clocked sequential cell  
The clock pin U_SCCPU/U_RF/rf_reg[7][20]/C is not reached by a timing clock
Related violations: <none>

TIMING-17#497 Warning
Non-clocked sequential cell  
The clock pin U_SCCPU/U_RF/rf_reg[7][21]/C is not reached by a timing clock
Related violations: <none>

TIMING-17#498 Warning
Non-clocked sequential cell  
The clock pin U_SCCPU/U_RF/rf_reg[7][22]/C is not reached by a timing clock
Related violations: <none>

TIMING-17#499 Warning
Non-clocked sequential cell  
The clock pin U_SCCPU/U_RF/rf_reg[7][23]/C is not reached by a timing clock
Related violations: <none>

TIMING-17#500 Warning
Non-clocked sequential cell  
The clock pin U_SCCPU/U_RF/rf_reg[7][24]/C is not reached by a timing clock
Related violations: <none>

TIMING-17#501 Warning
Non-clocked sequential cell  
The clock pin U_SCCPU/U_RF/rf_reg[7][25]/C is not reached by a timing clock
Related violations: <none>

TIMING-17#502 Warning
Non-clocked sequential cell  
The clock pin U_SCCPU/U_RF/rf_reg[7][26]/C is not reached by a timing clock
Related violations: <none>

TIMING-17#503 Warning
Non-clocked sequential cell  
The clock pin U_SCCPU/U_RF/rf_reg[7][27]/C is not reached by a timing clock
Related violations: <none>

TIMING-17#504 Warning
Non-clocked sequential cell  
The clock pin U_SCCPU/U_RF/rf_reg[7][28]/C is not reached by a timing clock
Related violations: <none>

TIMING-17#505 Warning
Non-clocked sequential cell  
The clock pin U_SCCPU/U_RF/rf_reg[7][29]/C is not reached by a timing clock
Related violations: <none>

TIMING-17#506 Warning
Non-clocked sequential cell  
The clock pin U_SCCPU/U_RF/rf_reg[7][2]/C is not reached by a timing clock
Related violations: <none>

TIMING-17#507 Warning
Non-clocked sequential cell  
The clock pin U_SCCPU/U_RF/rf_reg[7][30]/C is not reached by a timing clock
Related violations: <none>

TIMING-17#508 Warning
Non-clocked sequential cell  
The clock pin U_SCCPU/U_RF/rf_reg[7][31]/C is not reached by a timing clock
Related violations: <none>

TIMING-17#509 Warning
Non-clocked sequential cell  
The clock pin U_SCCPU/U_RF/rf_reg[7][3]/C is not reached by a timing clock
Related violations: <none>

TIMING-17#510 Warning
Non-clocked sequential cell  
The clock pin U_SCCPU/U_RF/rf_reg[7][4]/C is not reached by a timing clock
Related violations: <none>

TIMING-17#511 Warning
Non-clocked sequential cell  
The clock pin U_SCCPU/U_RF/rf_reg[7][5]/C is not reached by a timing clock
Related violations: <none>

TIMING-17#512 Warning
Non-clocked sequential cell  
The clock pin U_SCCPU/U_RF/rf_reg[7][6]/C is not reached by a timing clock
Related violations: <none>

TIMING-17#513 Warning
Non-clocked sequential cell  
The clock pin U_SCCPU/U_RF/rf_reg[7][7]/C is not reached by a timing clock
Related violations: <none>

TIMING-17#514 Warning
Non-clocked sequential cell  
The clock pin U_SCCPU/U_RF/rf_reg[7][8]/C is not reached by a timing clock
Related violations: <none>

TIMING-17#515 Warning
Non-clocked sequential cell  
The clock pin U_SCCPU/U_RF/rf_reg[7][9]/C is not reached by a timing clock
Related violations: <none>

TIMING-17#516 Warning
Non-clocked sequential cell  
The clock pin U_SCCPU/U_RF/rf_reg[8][0]/C is not reached by a timing clock
Related violations: <none>

TIMING-17#517 Warning
Non-clocked sequential cell  
The clock pin U_SCCPU/U_RF/rf_reg[8][10]/C is not reached by a timing clock
Related violations: <none>

TIMING-17#518 Warning
Non-clocked sequential cell  
The clock pin U_SCCPU/U_RF/rf_reg[8][11]/C is not reached by a timing clock
Related violations: <none>

TIMING-17#519 Warning
Non-clocked sequential cell  
The clock pin U_SCCPU/U_RF/rf_reg[8][12]/C is not reached by a timing clock
Related violations: <none>

TIMING-17#520 Warning
Non-clocked sequential cell  
The clock pin U_SCCPU/U_RF/rf_reg[8][13]/C is not reached by a timing clock
Related violations: <none>

TIMING-17#521 Warning
Non-clocked sequential cell  
The clock pin U_SCCPU/U_RF/rf_reg[8][14]/C is not reached by a timing clock
Related violations: <none>

TIMING-17#522 Warning
Non-clocked sequential cell  
The clock pin U_SCCPU/U_RF/rf_reg[8][15]/C is not reached by a timing clock
Related violations: <none>

TIMING-17#523 Warning
Non-clocked sequential cell  
The clock pin U_SCCPU/U_RF/rf_reg[8][16]/C is not reached by a timing clock
Related violations: <none>

TIMING-17#524 Warning
Non-clocked sequential cell  
The clock pin U_SCCPU/U_RF/rf_reg[8][17]/C is not reached by a timing clock
Related violations: <none>

TIMING-17#525 Warning
Non-clocked sequential cell  
The clock pin U_SCCPU/U_RF/rf_reg[8][18]/C is not reached by a timing clock
Related violations: <none>

TIMING-17#526 Warning
Non-clocked sequential cell  
The clock pin U_SCCPU/U_RF/rf_reg[8][19]/C is not reached by a timing clock
Related violations: <none>

TIMING-17#527 Warning
Non-clocked sequential cell  
The clock pin U_SCCPU/U_RF/rf_reg[8][1]/C is not reached by a timing clock
Related violations: <none>

TIMING-17#528 Warning
Non-clocked sequential cell  
The clock pin U_SCCPU/U_RF/rf_reg[8][20]/C is not reached by a timing clock
Related violations: <none>

TIMING-17#529 Warning
Non-clocked sequential cell  
The clock pin U_SCCPU/U_RF/rf_reg[8][21]/C is not reached by a timing clock
Related violations: <none>

TIMING-17#530 Warning
Non-clocked sequential cell  
The clock pin U_SCCPU/U_RF/rf_reg[8][22]/C is not reached by a timing clock
Related violations: <none>

TIMING-17#531 Warning
Non-clocked sequential cell  
The clock pin U_SCCPU/U_RF/rf_reg[8][23]/C is not reached by a timing clock
Related violations: <none>

TIMING-17#532 Warning
Non-clocked sequential cell  
The clock pin U_SCCPU/U_RF/rf_reg[8][24]/C is not reached by a timing clock
Related violations: <none>

TIMING-17#533 Warning
Non-clocked sequential cell  
The clock pin U_SCCPU/U_RF/rf_reg[8][25]/C is not reached by a timing clock
Related violations: <none>

TIMING-17#534 Warning
Non-clocked sequential cell  
The clock pin U_SCCPU/U_RF/rf_reg[8][26]/C is not reached by a timing clock
Related violations: <none>

TIMING-17#535 Warning
Non-clocked sequential cell  
The clock pin U_SCCPU/U_RF/rf_reg[8][27]/C is not reached by a timing clock
Related violations: <none>

TIMING-17#536 Warning
Non-clocked sequential cell  
The clock pin U_SCCPU/U_RF/rf_reg[8][28]/C is not reached by a timing clock
Related violations: <none>

TIMING-17#537 Warning
Non-clocked sequential cell  
The clock pin U_SCCPU/U_RF/rf_reg[8][29]/C is not reached by a timing clock
Related violations: <none>

TIMING-17#538 Warning
Non-clocked sequential cell  
The clock pin U_SCCPU/U_RF/rf_reg[8][2]/C is not reached by a timing clock
Related violations: <none>

TIMING-17#539 Warning
Non-clocked sequential cell  
The clock pin U_SCCPU/U_RF/rf_reg[8][30]/C is not reached by a timing clock
Related violations: <none>

TIMING-17#540 Warning
Non-clocked sequential cell  
The clock pin U_SCCPU/U_RF/rf_reg[8][31]/C is not reached by a timing clock
Related violations: <none>

TIMING-17#541 Warning
Non-clocked sequential cell  
The clock pin U_SCCPU/U_RF/rf_reg[8][3]/C is not reached by a timing clock
Related violations: <none>

TIMING-17#542 Warning
Non-clocked sequential cell  
The clock pin U_SCCPU/U_RF/rf_reg[8][4]/C is not reached by a timing clock
Related violations: <none>

TIMING-17#543 Warning
Non-clocked sequential cell  
The clock pin U_SCCPU/U_RF/rf_reg[8][5]/C is not reached by a timing clock
Related violations: <none>

TIMING-17#544 Warning
Non-clocked sequential cell  
The clock pin U_SCCPU/U_RF/rf_reg[8][6]/C is not reached by a timing clock
Related violations: <none>

TIMING-17#545 Warning
Non-clocked sequential cell  
The clock pin U_SCCPU/U_RF/rf_reg[8][7]/C is not reached by a timing clock
Related violations: <none>

TIMING-17#546 Warning
Non-clocked sequential cell  
The clock pin U_SCCPU/U_RF/rf_reg[8][8]/C is not reached by a timing clock
Related violations: <none>

TIMING-17#547 Warning
Non-clocked sequential cell  
The clock pin U_SCCPU/U_RF/rf_reg[8][9]/C is not reached by a timing clock
Related violations: <none>

TIMING-17#548 Warning
Non-clocked sequential cell  
The clock pin U_SCCPU/U_RF/rf_reg[9][0]/C is not reached by a timing clock
Related violations: <none>

TIMING-17#549 Warning
Non-clocked sequential cell  
The clock pin U_SCCPU/U_RF/rf_reg[9][10]/C is not reached by a timing clock
Related violations: <none>

TIMING-17#550 Warning
Non-clocked sequential cell  
The clock pin U_SCCPU/U_RF/rf_reg[9][11]/C is not reached by a timing clock
Related violations: <none>

TIMING-17#551 Warning
Non-clocked sequential cell  
The clock pin U_SCCPU/U_RF/rf_reg[9][12]/C is not reached by a timing clock
Related violations: <none>

TIMING-17#552 Warning
Non-clocked sequential cell  
The clock pin U_SCCPU/U_RF/rf_reg[9][13]/C is not reached by a timing clock
Related violations: <none>

TIMING-17#553 Warning
Non-clocked sequential cell  
The clock pin U_SCCPU/U_RF/rf_reg[9][14]/C is not reached by a timing clock
Related violations: <none>

TIMING-17#554 Warning
Non-clocked sequential cell  
The clock pin U_SCCPU/U_RF/rf_reg[9][15]/C is not reached by a timing clock
Related violations: <none>

TIMING-17#555 Warning
Non-clocked sequential cell  
The clock pin U_SCCPU/U_RF/rf_reg[9][16]/C is not reached by a timing clock
Related violations: <none>

TIMING-17#556 Warning
Non-clocked sequential cell  
The clock pin U_SCCPU/U_RF/rf_reg[9][17]/C is not reached by a timing clock
Related violations: <none>

TIMING-17#557 Warning
Non-clocked sequential cell  
The clock pin U_SCCPU/U_RF/rf_reg[9][18]/C is not reached by a timing clock
Related violations: <none>

TIMING-17#558 Warning
Non-clocked sequential cell  
The clock pin U_SCCPU/U_RF/rf_reg[9][19]/C is not reached by a timing clock
Related violations: <none>

TIMING-17#559 Warning
Non-clocked sequential cell  
The clock pin U_SCCPU/U_RF/rf_reg[9][1]/C is not reached by a timing clock
Related violations: <none>

TIMING-17#560 Warning
Non-clocked sequential cell  
The clock pin U_SCCPU/U_RF/rf_reg[9][20]/C is not reached by a timing clock
Related violations: <none>

TIMING-17#561 Warning
Non-clocked sequential cell  
The clock pin U_SCCPU/U_RF/rf_reg[9][21]/C is not reached by a timing clock
Related violations: <none>

TIMING-17#562 Warning
Non-clocked sequential cell  
The clock pin U_SCCPU/U_RF/rf_reg[9][22]/C is not reached by a timing clock
Related violations: <none>

TIMING-17#563 Warning
Non-clocked sequential cell  
The clock pin U_SCCPU/U_RF/rf_reg[9][23]/C is not reached by a timing clock
Related violations: <none>

TIMING-17#564 Warning
Non-clocked sequential cell  
The clock pin U_SCCPU/U_RF/rf_reg[9][24]/C is not reached by a timing clock
Related violations: <none>

TIMING-17#565 Warning
Non-clocked sequential cell  
The clock pin U_SCCPU/U_RF/rf_reg[9][25]/C is not reached by a timing clock
Related violations: <none>

TIMING-17#566 Warning
Non-clocked sequential cell  
The clock pin U_SCCPU/U_RF/rf_reg[9][26]/C is not reached by a timing clock
Related violations: <none>

TIMING-17#567 Warning
Non-clocked sequential cell  
The clock pin U_SCCPU/U_RF/rf_reg[9][27]/C is not reached by a timing clock
Related violations: <none>

TIMING-17#568 Warning
Non-clocked sequential cell  
The clock pin U_SCCPU/U_RF/rf_reg[9][28]/C is not reached by a timing clock
Related violations: <none>

TIMING-17#569 Warning
Non-clocked sequential cell  
The clock pin U_SCCPU/U_RF/rf_reg[9][29]/C is not reached by a timing clock
Related violations: <none>

TIMING-17#570 Warning
Non-clocked sequential cell  
The clock pin U_SCCPU/U_RF/rf_reg[9][2]/C is not reached by a timing clock
Related violations: <none>

TIMING-17#571 Warning
Non-clocked sequential cell  
The clock pin U_SCCPU/U_RF/rf_reg[9][30]/C is not reached by a timing clock
Related violations: <none>

TIMING-17#572 Warning
Non-clocked sequential cell  
The clock pin U_SCCPU/U_RF/rf_reg[9][31]/C is not reached by a timing clock
Related violations: <none>

TIMING-17#573 Warning
Non-clocked sequential cell  
The clock pin U_SCCPU/U_RF/rf_reg[9][3]/C is not reached by a timing clock
Related violations: <none>

TIMING-17#574 Warning
Non-clocked sequential cell  
The clock pin U_SCCPU/U_RF/rf_reg[9][4]/C is not reached by a timing clock
Related violations: <none>

TIMING-17#575 Warning
Non-clocked sequential cell  
The clock pin U_SCCPU/U_RF/rf_reg[9][5]/C is not reached by a timing clock
Related violations: <none>

TIMING-17#576 Warning
Non-clocked sequential cell  
The clock pin U_SCCPU/U_RF/rf_reg[9][6]/C is not reached by a timing clock
Related violations: <none>

TIMING-17#577 Warning
Non-clocked sequential cell  
The clock pin U_SCCPU/U_RF/rf_reg[9][7]/C is not reached by a timing clock
Related violations: <none>

TIMING-17#578 Warning
Non-clocked sequential cell  
The clock pin U_SCCPU/U_RF/rf_reg[9][8]/C is not reached by a timing clock
Related violations: <none>

TIMING-17#579 Warning
Non-clocked sequential cell  
The clock pin U_SCCPU/U_RF/rf_reg[9][9]/C is not reached by a timing clock
Related violations: <none>

TIMING-18#1 Warning
Missing input or output delay  
An input delay is missing on rstn relative to clock(s) sys_clk_pin
Related violations: <none>

TIMING-18#2 Warning
Missing input or output delay  
An input delay is missing on sw_i[0] relative to clock(s) sys_clk_pin
Related violations: <none>

TIMING-18#3 Warning
Missing input or output delay  
An input delay is missing on sw_i[10] relative to clock(s) sys_clk_pin
Related violations: <none>

TIMING-18#4 Warning
Missing input or output delay  
An input delay is missing on sw_i[11] relative to clock(s) sys_clk_pin
Related violations: <none>

TIMING-18#5 Warning
Missing input or output delay  
An input delay is missing on sw_i[12] relative to clock(s) sys_clk_pin
Related violations: <none>

TIMING-18#6 Warning
Missing input or output delay  
An input delay is missing on sw_i[13] relative to clock(s) sys_clk_pin
Related violations: <none>

TIMING-18#7 Warning
Missing input or output delay  
An input delay is missing on sw_i[14] relative to clock(s) sys_clk_pin
Related violations: <none>

TIMING-18#8 Warning
Missing input or output delay  
An input delay is missing on sw_i[15] relative to clock(s) sys_clk_pin
Related violations: <none>

TIMING-18#9 Warning
Missing input or output delay  
An input delay is missing on sw_i[1] relative to clock(s) sys_clk_pin
Related violations: <none>

TIMING-18#10 Warning
Missing input or output delay  
An input delay is missing on sw_i[2] relative to clock(s) sys_clk_pin
Related violations: <none>

TIMING-18#11 Warning
Missing input or output delay  
An input delay is missing on sw_i[3] relative to clock(s) sys_clk_pin
Related violations: <none>

TIMING-18#12 Warning
Missing input or output delay  
An input delay is missing on sw_i[4] relative to clock(s) sys_clk_pin
Related violations: <none>

TIMING-18#13 Warning
Missing input or output delay  
An input delay is missing on sw_i[5] relative to clock(s) sys_clk_pin
Related violations: <none>

TIMING-18#14 Warning
Missing input or output delay  
An input delay is missing on sw_i[6] relative to clock(s) sys_clk_pin
Related violations: <none>

TIMING-18#15 Warning
Missing input or output delay  
An input delay is missing on sw_i[7] relative to clock(s) sys_clk_pin
Related violations: <none>

TIMING-18#16 Warning
Missing input or output delay  
An input delay is missing on sw_i[8] relative to clock(s) sys_clk_pin
Related violations: <none>

TIMING-18#17 Warning
Missing input or output delay  
An input delay is missing on sw_i[9] relative to clock(s) sys_clk_pin
Related violations: <none>

TIMING-18#18 Warning
Missing input or output delay  
An output delay is missing on disp_seg_o[0] relative to clock(s) sys_clk_pin
Related violations: <none>

TIMING-18#19 Warning
Missing input or output delay  
An output delay is missing on disp_seg_o[1] relative to clock(s) sys_clk_pin
Related violations: <none>

TIMING-18#20 Warning
Missing input or output delay  
An output delay is missing on disp_seg_o[2] relative to clock(s) sys_clk_pin
Related violations: <none>

TIMING-18#21 Warning
Missing input or output delay  
An output delay is missing on disp_seg_o[3] relative to clock(s) sys_clk_pin
Related violations: <none>

TIMING-18#22 Warning
Missing input or output delay  
An output delay is missing on disp_seg_o[4] relative to clock(s) sys_clk_pin
Related violations: <none>

TIMING-18#23 Warning
Missing input or output delay  
An output delay is missing on disp_seg_o[5] relative to clock(s) sys_clk_pin
Related violations: <none>

TIMING-18#24 Warning
Missing input or output delay  
An output delay is missing on disp_seg_o[6] relative to clock(s) sys_clk_pin
Related violations: <none>

TIMING-18#25 Warning
Missing input or output delay  
An output delay is missing on disp_seg_o[7] relative to clock(s) sys_clk_pin
Related violations: <none>


