Copyright 1986-2017 Xilinx, Inc. All Rights Reserved.
-------------------------------------------------------------------------------------------
| Tool Version : Vivado v.2017.4 (win64) Build 2086221 Fri Dec 15 20:55:39 MST 2017
| Date         : Tue Jun 16 17:52:52 2026
| Host         : LXZ running 64-bit major release  (build 9200)
| Command      : report_control_sets -verbose -file RVSCCPUSOC_Top_control_sets_placed.rpt
| Design       : RVSCCPUSOC_Top
| Device       : xc7a100t
-------------------------------------------------------------------------------------------

Control Set Information

Table of Contents
-----------------
1. Summary
2. Flip-Flop Distribution
3. Detailed Control Set Information

1. Summary
----------

+----------------------------------------------------------+-------+
|                          Status                          | Count |
+----------------------------------------------------------+-------+
| Number of unique control sets                            |   142 |
| Unused register locations in slices containing registers |   621 |
+----------------------------------------------------------+-------+


2. Flip-Flop Distribution
-------------------------

+--------------+-----------------------+------------------------+-----------------+--------------+
| Clock Enable | Synchronous Set/Reset | Asynchronous Set/Reset | Total Registers | Total Slices |
+--------------+-----------------------+------------------------+-----------------+--------------+
| No           | No                    | No                     |               0 |            0 |
| No           | No                    | Yes                    |             115 |           59 |
| No           | Yes                   | No                     |               0 |            0 |
| Yes          | No                    | No                     |               0 |            0 |
| Yes          | No                    | Yes                    |             512 |          502 |
| Yes          | Yes                   | No                     |               0 |            0 |
+--------------+-----------------------+------------------------+-----------------+--------------+


3. Detailed Control Set Information
-----------------------------------

+------------------+---------------------------------+---------------------------------+------------------+----------------+
|   Clock Signal   |          Enable Signal          |         Set/Reset Signal        | Slice Load Count | Bel Load Count |
+------------------+---------------------------------+---------------------------------+------------------+----------------+
|  Clk_CPU_BUFG    |                                 | U_7SEG/rst                      |                1 |              1 |
|  Clk_CPU_BUFG    | U_SCCPU/U_RF/rf[4][31]_i_1_n_0  | U_SCCPU/U_RF/AR[0]              |                1 |              1 |
|  Clk_CPU_BUFG    | U_SCCPU/U_RF/rf[1][31]_i_1_n_0  | U_SCCPU/U_RF/AR[0]              |                1 |              1 |
|  Clk_CPU_BUFG    | U_SCCPU/U_RF/rf[6][31]_i_1_n_0  | U_SCCPU/U_RF/AR[0]              |                1 |              1 |
|  Clk_CPU_BUFG    | U_SCCPU/U_RF/rf[2][31]_i_1_n_0  | U_SCCPU/U_RF/AR[0]              |                1 |              1 |
|  Clk_CPU_BUFG    | U_SCCPU/U_RF/rf[7][31]_i_1_n_0  | U_SCCPU/U_RF/AR[0]              |                1 |              1 |
|  Clk_CPU_BUFG    | U_SCCPU/U_RF/rf[3][31]_i_1_n_0  | U_SCCPU/U_RF/AR[0]              |                1 |              1 |
|  Clk_CPU_BUFG    | U_SCCPU/U_RF/rf[12][31]_i_1_n_0 | U_SCCPU/U_RF/AR[0]              |                2 |              2 |
|  Clk_CPU_BUFG    | U_SCCPU/U_RF/rf[8][31]_i_1_n_0  | U_SCCPU/U_RF/AR[0]              |                2 |              2 |
|  Clk_CPU_BUFG    | U_SCCPU/U_RF/rf[11][31]_i_1_n_0 | U_SCCPU/U_RF/AR[0]              |                2 |              2 |
|  Clk_CPU_BUFG    | U_SCCPU/U_RF/rf[5][31]_i_1_n_0  | U_SCCPU/U_RF/AR[0]              |                2 |              2 |
|  Clk_CPU_BUFG    | U_SCCPU/U_RF/rf[9][31]_i_1_n_0  | U_SCCPU/U_RF/AR[0]              |                2 |              2 |
|  Clk_CPU_BUFG    | U_SCCPU/U_RF/rf[14][31]_i_1_n_0 | U_SCCPU/U_RF/AR[0]              |                2 |              2 |
|  clk_IBUF_BUFG   | U_SCCPU/U_RF/E[0]               | U_7SEG/rst                      |                2 |              2 |
|  Clk_CPU_BUFG    | U_SCCPU/U_RF/rf[10][31]_i_1_n_0 | U_SCCPU/U_RF/AR[0]              |                2 |              2 |
|  Clk_CPU_BUFG    | U_SCCPU/U_RF/rf[15][31]_i_1_n_0 | U_SCCPU/U_RF/AR[0]              |                2 |              2 |
|  Clk_CPU_BUFG    | U_SCCPU/U_RF/rf[13][31]_i_1_n_0 | U_SCCPU/U_RF/AR[0]              |                2 |              2 |
|  U_7SEG/seg7_clk |                                 | U_7SEG/rst                      |                1 |              3 |
|  Clk_CPU_BUFG    | U_SCCPU/U_RF/rf[12][31]_i_1_n_0 | U_SCCPU/U_RF/rf[31][10]_i_2_n_0 |                3 |              3 |
|  Clk_CPU_BUFG    | U_SCCPU/U_RF/rf[14][31]_i_1_n_0 | U_SCCPU/U_RF/rf[31][10]_i_2_n_0 |                3 |              3 |
|  Clk_CPU_BUFG    | U_SCCPU/U_RF/rf[3][31]_i_1_n_0  | U_SCCPU/U_RF/rf[31][17]_i_2_n_0 |                3 |              3 |
|  Clk_CPU_BUFG    | U_SCCPU/U_RF/rf[7][31]_i_1_n_0  | U_SCCPU/U_RF/rf[31][14]_i_2_n_0 |                3 |              3 |
|  Clk_CPU_BUFG    | U_SCCPU/U_RF/rf[2][31]_i_1_n_0  | U_SCCPU/U_RF/rf[31][17]_i_2_n_0 |                3 |              3 |
|  Clk_CPU_BUFG    | U_SCCPU/U_RF/rf[5][31]_i_1_n_0  | U_SCCPU/U_RF/rf[31][14]_i_2_n_0 |                3 |              3 |
|  Clk_CPU_BUFG    | U_SCCPU/U_RF/rf[14][31]_i_1_n_0 | U_SCCPU/U_RF/rf[31][29]_i_2_n_0 |                3 |              3 |
|  Clk_CPU_BUFG    | U_SCCPU/U_RF/rf[5][31]_i_1_n_0  | U_SCCPU/U_RF/rf[31][29]_i_2_n_0 |                3 |              3 |
|  Clk_CPU_BUFG    | U_SCCPU/U_RF/rf[12][31]_i_1_n_0 | U_SCCPU/U_RF/rf[31][29]_i_2_n_0 |                3 |              3 |
|  Clk_CPU_BUFG    | U_SCCPU/U_RF/rf[6][31]_i_1_n_0  | U_SCCPU/U_RF/rf[31][14]_i_2_n_0 |                3 |              3 |
|  Clk_CPU_BUFG    | U_SCCPU/U_RF/rf[11][31]_i_1_n_0 | U_SCCPU/U_RF/rf[31][14]_i_2_n_0 |                3 |              3 |
|  Clk_CPU_BUFG    | U_SCCPU/U_RF/rf[4][31]_i_1_n_0  | U_SCCPU/U_RF/rf[31][14]_i_2_n_0 |                3 |              3 |
|  Clk_CPU_BUFG    | U_SCCPU/U_RF/rf[15][31]_i_1_n_0 | U_SCCPU/U_RF/rf[31][10]_i_2_n_0 |                3 |              3 |
|  Clk_CPU_BUFG    | U_SCCPU/U_RF/rf[15][31]_i_1_n_0 | U_SCCPU/U_RF/rf[31][25]_i_2_n_0 |                3 |              3 |
|  Clk_CPU_BUFG    | U_SCCPU/U_RF/rf[11][31]_i_1_n_0 | U_SCCPU/U_RF/rf[31][29]_i_2_n_0 |                3 |              3 |
|  Clk_CPU_BUFG    | U_SCCPU/U_RF/rf[13][31]_i_1_n_0 | U_SCCPU/U_RF/rf[31][10]_i_2_n_0 |                3 |              3 |
|  Clk_CPU_BUFG    | U_SCCPU/U_RF/rf[1][31]_i_1_n_0  | U_SCCPU/U_RF/rf[31][17]_i_2_n_0 |                3 |              3 |
|  Clk_CPU_BUFG    | U_SCCPU/U_RF/rf[13][31]_i_1_n_0 | U_SCCPU/U_RF/rf[31][25]_i_2_n_0 |                3 |              3 |
|  Clk_CPU_BUFG    | U_SCCPU/U_RF/rf[10][31]_i_1_n_0 | U_SCCPU/U_RF/rf[31][14]_i_2_n_0 |                3 |              3 |
|  Clk_CPU_BUFG    | U_SCCPU/U_RF/rf[9][31]_i_1_n_0  | U_SCCPU/U_RF/rf[31][10]_i_2_n_0 |                3 |              3 |
|  Clk_CPU_BUFG    | U_SCCPU/U_RF/rf[9][31]_i_1_n_0  | U_SCCPU/U_RF/rf[31][29]_i_2_n_0 |                3 |              3 |
|  Clk_CPU_BUFG    | U_SCCPU/U_RF/rf[8][31]_i_1_n_0  | U_SCCPU/U_RF/rf[31][14]_i_2_n_0 |                3 |              3 |
|  Clk_CPU_BUFG    | U_SCCPU/U_RF/rf[10][31]_i_1_n_0 | U_SCCPU/U_RF/rf[31][29]_i_2_n_0 |                3 |              3 |
|  Clk_CPU_BUFG    | U_SCCPU/U_RF/rf[8][31]_i_1_n_0  | U_SCCPU/U_RF/rf[31][29]_i_2_n_0 |                3 |              3 |
|  Clk_CPU_BUFG    | U_SCCPU/U_RF/rf[11][31]_i_1_n_0 | U_SCCPU/U_RF/rf[31][6]_i_2_n_0  |                4 |              4 |
|  Clk_CPU_BUFG    | U_SCCPU/U_RF/rf[14][31]_i_1_n_0 | U_SCCPU/U_RF/rf[31][14]_i_2_n_0 |                4 |              4 |
|  Clk_CPU_BUFG    | U_SCCPU/U_RF/rf[14][31]_i_1_n_0 | U_SCCPU/U_RF/rf[31][17]_i_2_n_0 |                4 |              4 |
|  Clk_CPU_BUFG    | U_SCCPU/U_RF/rf[14][31]_i_1_n_0 | U_SCCPU/U_RF/rf[31][21]_i_2_n_0 |                4 |              4 |
|  Clk_CPU_BUFG    | U_SCCPU/U_RF/rf[14][31]_i_1_n_0 | U_SCCPU/U_RF/rf[31][25]_i_2_n_0 |                4 |              4 |
|  Clk_CPU_BUFG    | U_SCCPU/U_RF/rf[14][31]_i_1_n_0 | U_SCCPU/U_RF/rf[31][2]_i_2_n_0  |                4 |              4 |
|  Clk_CPU_BUFG    | U_SCCPU/U_RF/rf[14][31]_i_1_n_0 | U_SCCPU/U_RF/rf[31][6]_i_2_n_0  |                4 |              4 |
|  Clk_CPU_BUFG    | U_SCCPU/U_RF/rf[11][31]_i_1_n_0 | U_SCCPU/U_RF/rf[31][10]_i_2_n_0 |                4 |              4 |
|  Clk_CPU_BUFG    | U_SCCPU/U_RF/rf[11][31]_i_1_n_0 | U_SCCPU/U_RF/rf[31][17]_i_2_n_0 |                4 |              4 |
|  Clk_CPU_BUFG    | U_SCCPU/U_RF/rf[11][31]_i_1_n_0 | U_SCCPU/U_RF/rf[31][21]_i_2_n_0 |                4 |              4 |
|  Clk_CPU_BUFG    | U_SCCPU/U_RF/rf[11][31]_i_1_n_0 | U_SCCPU/U_RF/rf[31][25]_i_2_n_0 |                3 |              4 |
|  Clk_CPU_BUFG    | U_SCCPU/U_RF/rf[11][31]_i_1_n_0 | U_SCCPU/U_RF/rf[31][2]_i_2_n_0  |                4 |              4 |
|  Clk_CPU_BUFG    | U_SCCPU/U_RF/rf[2][31]_i_1_n_0  | U_SCCPU/U_RF/rf[31][2]_i_2_n_0  |                4 |              4 |
|  Clk_CPU_BUFG    | U_SCCPU/U_RF/rf[10][31]_i_1_n_0 | U_SCCPU/U_RF/rf[31][10]_i_2_n_0 |                4 |              4 |
|  Clk_CPU_BUFG    | U_SCCPU/U_RF/rf[10][31]_i_1_n_0 | U_SCCPU/U_RF/rf[31][17]_i_2_n_0 |                4 |              4 |
|  Clk_CPU_BUFG    | U_SCCPU/U_RF/rf[10][31]_i_1_n_0 | U_SCCPU/U_RF/rf[31][21]_i_2_n_0 |                4 |              4 |
|  Clk_CPU_BUFG    | U_SCCPU/U_RF/rf[10][31]_i_1_n_0 | U_SCCPU/U_RF/rf[31][25]_i_2_n_0 |                4 |              4 |
|  Clk_CPU_BUFG    | U_SCCPU/U_RF/rf[10][31]_i_1_n_0 | U_SCCPU/U_RF/rf[31][2]_i_2_n_0  |                4 |              4 |
|  Clk_CPU_BUFG    | U_SCCPU/U_RF/rf[10][31]_i_1_n_0 | U_SCCPU/U_RF/rf[31][6]_i_2_n_0  |                4 |              4 |
|  Clk_CPU_BUFG    | U_SCCPU/U_RF/rf[2][31]_i_1_n_0  | U_SCCPU/U_RF/rf[31][10]_i_2_n_0 |                4 |              4 |
|  Clk_CPU_BUFG    | U_SCCPU/U_RF/rf[2][31]_i_1_n_0  | U_SCCPU/U_RF/rf[31][14]_i_2_n_0 |                4 |              4 |
|  Clk_CPU_BUFG    | U_SCCPU/U_RF/rf[2][31]_i_1_n_0  | U_SCCPU/U_RF/rf[31][21]_i_2_n_0 |                4 |              4 |
|  Clk_CPU_BUFG    | U_SCCPU/U_RF/rf[2][31]_i_1_n_0  | U_SCCPU/U_RF/rf[31][25]_i_2_n_0 |                4 |              4 |
|  Clk_CPU_BUFG    | U_SCCPU/U_RF/rf[2][31]_i_1_n_0  | U_SCCPU/U_RF/rf[31][29]_i_2_n_0 |                4 |              4 |
|  Clk_CPU_BUFG    | U_SCCPU/U_RF/rf[15][31]_i_1_n_0 | U_SCCPU/U_RF/rf[31][14]_i_2_n_0 |                4 |              4 |
|  Clk_CPU_BUFG    | U_SCCPU/U_RF/rf[2][31]_i_1_n_0  | U_SCCPU/U_RF/rf[31][6]_i_2_n_0  |                4 |              4 |
|  Clk_CPU_BUFG    | U_SCCPU/U_RF/rf[6][31]_i_1_n_0  | U_SCCPU/U_RF/rf[31][21]_i_2_n_0 |                4 |              4 |
|  Clk_CPU_BUFG    | U_SCCPU/U_RF/rf[1][31]_i_1_n_0  | U_SCCPU/U_RF/rf[31][10]_i_2_n_0 |                4 |              4 |
|  Clk_CPU_BUFG    | U_SCCPU/U_RF/rf[1][31]_i_1_n_0  | U_SCCPU/U_RF/rf[31][14]_i_2_n_0 |                4 |              4 |
|  Clk_CPU_BUFG    | U_SCCPU/U_RF/rf[1][31]_i_1_n_0  | U_SCCPU/U_RF/rf[31][21]_i_2_n_0 |                4 |              4 |
|  Clk_CPU_BUFG    | U_SCCPU/U_RF/rf[1][31]_i_1_n_0  | U_SCCPU/U_RF/rf[31][25]_i_2_n_0 |                4 |              4 |
|  Clk_CPU_BUFG    | U_SCCPU/U_RF/rf[1][31]_i_1_n_0  | U_SCCPU/U_RF/rf[31][29]_i_2_n_0 |                4 |              4 |
|  Clk_CPU_BUFG    | U_SCCPU/U_RF/rf[1][31]_i_1_n_0  | U_SCCPU/U_RF/rf[31][2]_i_2_n_0  |                3 |              4 |
|  Clk_CPU_BUFG    | U_SCCPU/U_RF/rf[1][31]_i_1_n_0  | U_SCCPU/U_RF/rf[31][6]_i_2_n_0  |                4 |              4 |
|  Clk_CPU_BUFG    | U_SCCPU/U_RF/rf[12][31]_i_1_n_0 | U_SCCPU/U_RF/rf[31][14]_i_2_n_0 |                4 |              4 |
|  Clk_CPU_BUFG    | U_SCCPU/U_RF/rf[12][31]_i_1_n_0 | U_SCCPU/U_RF/rf[31][17]_i_2_n_0 |                4 |              4 |
|  Clk_CPU_BUFG    | U_SCCPU/U_RF/rf[12][31]_i_1_n_0 | U_SCCPU/U_RF/rf[31][21]_i_2_n_0 |                4 |              4 |
|  Clk_CPU_BUFG    | U_SCCPU/U_RF/rf[12][31]_i_1_n_0 | U_SCCPU/U_RF/rf[31][25]_i_2_n_0 |                4 |              4 |
|  Clk_CPU_BUFG    | U_SCCPU/U_RF/rf[12][31]_i_1_n_0 | U_SCCPU/U_RF/rf[31][2]_i_2_n_0  |                4 |              4 |
|  Clk_CPU_BUFG    | U_SCCPU/U_RF/rf[12][31]_i_1_n_0 | U_SCCPU/U_RF/rf[31][6]_i_2_n_0  |                4 |              4 |
|  Clk_CPU_BUFG    | U_SCCPU/U_RF/rf[9][31]_i_1_n_0  | U_SCCPU/U_RF/rf[31][2]_i_2_n_0  |                4 |              4 |
|  Clk_CPU_BUFG    | U_SCCPU/U_RF/rf[9][31]_i_1_n_0  | U_SCCPU/U_RF/rf[31][6]_i_2_n_0  |                4 |              4 |
|  Clk_CPU_BUFG    | U_SCCPU/U_RF/rf[13][31]_i_1_n_0 | U_SCCPU/U_RF/rf[31][17]_i_2_n_0 |                4 |              4 |
|  Clk_CPU_BUFG    | U_SCCPU/U_RF/rf[8][31]_i_1_n_0  | U_SCCPU/U_RF/rf[31][10]_i_2_n_0 |                4 |              4 |
|  Clk_CPU_BUFG    | U_SCCPU/U_RF/rf[13][31]_i_1_n_0 | U_SCCPU/U_RF/rf[31][6]_i_2_n_0  |                4 |              4 |
|  Clk_CPU_BUFG    | U_SCCPU/U_RF/rf[8][31]_i_1_n_0  | U_SCCPU/U_RF/rf[31][17]_i_2_n_0 |                4 |              4 |
|  Clk_CPU_BUFG    | U_SCCPU/U_RF/rf[8][31]_i_1_n_0  | U_SCCPU/U_RF/rf[31][21]_i_2_n_0 |                4 |              4 |
|  Clk_CPU_BUFG    | U_SCCPU/U_RF/rf[8][31]_i_1_n_0  | U_SCCPU/U_RF/rf[31][25]_i_2_n_0 |                4 |              4 |
|  Clk_CPU_BUFG    | U_SCCPU/U_RF/rf[13][31]_i_1_n_0 | U_SCCPU/U_RF/rf[31][21]_i_2_n_0 |                4 |              4 |
|  Clk_CPU_BUFG    | U_SCCPU/U_RF/rf[8][31]_i_1_n_0  | U_SCCPU/U_RF/rf[31][2]_i_2_n_0  |                4 |              4 |
|  Clk_CPU_BUFG    | U_SCCPU/U_RF/rf[8][31]_i_1_n_0  | U_SCCPU/U_RF/rf[31][6]_i_2_n_0  |                4 |              4 |
|  Clk_CPU_BUFG    | U_SCCPU/U_RF/rf[13][31]_i_1_n_0 | U_SCCPU/U_RF/rf[31][14]_i_2_n_0 |                4 |              4 |
|  Clk_CPU_BUFG    | U_SCCPU/U_RF/rf[3][31]_i_1_n_0  | U_SCCPU/U_RF/rf[31][10]_i_2_n_0 |                4 |              4 |
|  Clk_CPU_BUFG    | U_SCCPU/U_RF/rf[3][31]_i_1_n_0  | U_SCCPU/U_RF/rf[31][14]_i_2_n_0 |                4 |              4 |
|  Clk_CPU_BUFG    | U_SCCPU/U_RF/rf[13][31]_i_1_n_0 | U_SCCPU/U_RF/rf[31][29]_i_2_n_0 |                4 |              4 |
|  Clk_CPU_BUFG    | U_SCCPU/U_RF/rf[3][31]_i_1_n_0  | U_SCCPU/U_RF/rf[31][21]_i_2_n_0 |                4 |              4 |
|  Clk_CPU_BUFG    | U_SCCPU/U_RF/rf[3][31]_i_1_n_0  | U_SCCPU/U_RF/rf[31][25]_i_2_n_0 |                4 |              4 |
|  Clk_CPU_BUFG    | U_SCCPU/U_RF/rf[3][31]_i_1_n_0  | U_SCCPU/U_RF/rf[31][29]_i_2_n_0 |                4 |              4 |
|  Clk_CPU_BUFG    | U_SCCPU/U_RF/rf[3][31]_i_1_n_0  | U_SCCPU/U_RF/rf[31][2]_i_2_n_0  |                4 |              4 |
|  Clk_CPU_BUFG    | U_SCCPU/U_RF/rf[3][31]_i_1_n_0  | U_SCCPU/U_RF/rf[31][6]_i_2_n_0  |                4 |              4 |
|  Clk_CPU_BUFG    | U_SCCPU/U_RF/rf[15][31]_i_1_n_0 | U_SCCPU/U_RF/rf[31][6]_i_2_n_0  |                4 |              4 |
|  Clk_CPU_BUFG    | U_SCCPU/U_RF/rf[7][31]_i_1_n_0  | U_SCCPU/U_RF/rf[31][10]_i_2_n_0 |                4 |              4 |
|  Clk_CPU_BUFG    | U_SCCPU/U_RF/rf[9][31]_i_1_n_0  | U_SCCPU/U_RF/rf[31][14]_i_2_n_0 |                4 |              4 |
|  Clk_CPU_BUFG    | U_SCCPU/U_RF/rf[7][31]_i_1_n_0  | U_SCCPU/U_RF/rf[31][17]_i_2_n_0 |                4 |              4 |
|  Clk_CPU_BUFG    | U_SCCPU/U_RF/rf[7][31]_i_1_n_0  | U_SCCPU/U_RF/rf[31][21]_i_2_n_0 |                3 |              4 |
|  Clk_CPU_BUFG    | U_SCCPU/U_RF/rf[15][31]_i_1_n_0 | U_SCCPU/U_RF/rf[31][2]_i_2_n_0  |                4 |              4 |
|  Clk_CPU_BUFG    | U_SCCPU/U_RF/rf[7][31]_i_1_n_0  | U_SCCPU/U_RF/rf[31][29]_i_2_n_0 |                4 |              4 |
|  Clk_CPU_BUFG    | U_SCCPU/U_RF/rf[7][31]_i_1_n_0  | U_SCCPU/U_RF/rf[31][2]_i_2_n_0  |                3 |              4 |
|  Clk_CPU_BUFG    | U_SCCPU/U_RF/rf[7][31]_i_1_n_0  | U_SCCPU/U_RF/rf[31][6]_i_2_n_0  |                4 |              4 |
|  Clk_CPU_BUFG    | U_SCCPU/U_RF/rf[15][31]_i_1_n_0 | U_SCCPU/U_RF/rf[31][29]_i_2_n_0 |                4 |              4 |
|  Clk_CPU_BUFG    | U_SCCPU/U_RF/rf[5][31]_i_1_n_0  | U_SCCPU/U_RF/rf[31][10]_i_2_n_0 |                4 |              4 |
|  Clk_CPU_BUFG    | U_SCCPU/U_RF/rf[9][31]_i_1_n_0  | U_SCCPU/U_RF/rf[31][17]_i_2_n_0 |                4 |              4 |
|  Clk_CPU_BUFG    | U_SCCPU/U_RF/rf[5][31]_i_1_n_0  | U_SCCPU/U_RF/rf[31][17]_i_2_n_0 |                4 |              4 |
|  Clk_CPU_BUFG    | U_SCCPU/U_RF/rf[5][31]_i_1_n_0  | U_SCCPU/U_RF/rf[31][21]_i_2_n_0 |                4 |              4 |
|  Clk_CPU_BUFG    | U_SCCPU/U_RF/rf[5][31]_i_1_n_0  | U_SCCPU/U_RF/rf[31][25]_i_2_n_0 |                4 |              4 |
|  Clk_CPU_BUFG    | U_SCCPU/U_RF/rf[9][31]_i_1_n_0  | U_SCCPU/U_RF/rf[31][21]_i_2_n_0 |                4 |              4 |
|  Clk_CPU_BUFG    | U_SCCPU/U_RF/rf[5][31]_i_1_n_0  | U_SCCPU/U_RF/rf[31][2]_i_2_n_0  |                4 |              4 |
|  Clk_CPU_BUFG    | U_SCCPU/U_RF/rf[5][31]_i_1_n_0  | U_SCCPU/U_RF/rf[31][6]_i_2_n_0  |                4 |              4 |
|  Clk_CPU_BUFG    | U_SCCPU/U_RF/rf[15][31]_i_1_n_0 | U_SCCPU/U_RF/rf[31][21]_i_2_n_0 |                3 |              4 |
|  Clk_CPU_BUFG    | U_SCCPU/U_RF/rf[6][31]_i_1_n_0  | U_SCCPU/U_RF/rf[31][10]_i_2_n_0 |                4 |              4 |
|  Clk_CPU_BUFG    | U_SCCPU/U_RF/rf[9][31]_i_1_n_0  | U_SCCPU/U_RF/rf[31][25]_i_2_n_0 |                3 |              4 |
|  Clk_CPU_BUFG    | U_SCCPU/U_RF/rf[6][31]_i_1_n_0  | U_SCCPU/U_RF/rf[31][17]_i_2_n_0 |                4 |              4 |
|  Clk_CPU_BUFG    | U_SCCPU/U_RF/rf[7][31]_i_1_n_0  | U_SCCPU/U_RF/rf[31][25]_i_2_n_0 |                4 |              4 |
|  Clk_CPU_BUFG    | U_SCCPU/U_RF/rf[6][31]_i_1_n_0  | U_SCCPU/U_RF/rf[31][25]_i_2_n_0 |                4 |              4 |
|  Clk_CPU_BUFG    | U_SCCPU/U_RF/rf[6][31]_i_1_n_0  | U_SCCPU/U_RF/rf[31][29]_i_2_n_0 |                4 |              4 |
|  Clk_CPU_BUFG    | U_SCCPU/U_RF/rf[6][31]_i_1_n_0  | U_SCCPU/U_RF/rf[31][2]_i_2_n_0  |                4 |              4 |
|  Clk_CPU_BUFG    | U_SCCPU/U_RF/rf[6][31]_i_1_n_0  | U_SCCPU/U_RF/rf[31][6]_i_2_n_0  |                4 |              4 |
|  Clk_CPU_BUFG    | U_SCCPU/U_RF/rf[15][31]_i_1_n_0 | U_SCCPU/U_RF/rf[31][17]_i_2_n_0 |                4 |              4 |
|  Clk_CPU_BUFG    | U_SCCPU/U_RF/rf[4][31]_i_1_n_0  | U_SCCPU/U_RF/rf[31][10]_i_2_n_0 |                4 |              4 |
|  Clk_CPU_BUFG    | U_SCCPU/U_RF/rf[13][31]_i_1_n_0 | U_SCCPU/U_RF/rf[31][2]_i_2_n_0  |                4 |              4 |
|  Clk_CPU_BUFG    | U_SCCPU/U_RF/rf[4][31]_i_1_n_0  | U_SCCPU/U_RF/rf[31][17]_i_2_n_0 |                4 |              4 |
|  Clk_CPU_BUFG    | U_SCCPU/U_RF/rf[4][31]_i_1_n_0  | U_SCCPU/U_RF/rf[31][21]_i_2_n_0 |                3 |              4 |
|  Clk_CPU_BUFG    | U_SCCPU/U_RF/rf[4][31]_i_1_n_0  | U_SCCPU/U_RF/rf[31][25]_i_2_n_0 |                4 |              4 |
|  Clk_CPU_BUFG    | U_SCCPU/U_RF/rf[4][31]_i_1_n_0  | U_SCCPU/U_RF/rf[31][29]_i_2_n_0 |                4 |              4 |
|  Clk_CPU_BUFG    | U_SCCPU/U_RF/rf[4][31]_i_1_n_0  | U_SCCPU/U_RF/rf[31][2]_i_2_n_0  |                4 |              4 |
|  Clk_CPU_BUFG    | U_SCCPU/U_RF/rf[4][31]_i_1_n_0  | U_SCCPU/U_RF/rf[31][6]_i_2_n_0  |                4 |              4 |
|  clk_IBUF_BUFG   | U_SCCPU/U_RF/E[0]               | U_SCCPU/U_RF/AR[0]              |               27 |             30 |
|  Clk_CPU_BUFG    |                                 | U_SCCPU/U_RF/AR[0]              |               20 |             31 |
|  Clk_CPU_BUFG    | U_SCCPU/U_RF/ram_we             |                                 |               16 |             64 |
|  clk_IBUF_BUFG   |                                 | U_7SEG/rst                      |               37 |             80 |
+------------------+---------------------------------+---------------------------------+------------------+----------------+


+--------+-----------------------+
| Fanout | Number of ControlSets |
+--------+-----------------------+
| 1      |                     7 |
| 2      |                    10 |
| 3      |                    25 |
| 4      |                    96 |
| 16+    |                     4 |
+--------+-----------------------+


